{"C:\\Users\\Crist\\Desktop\\ProyectoCedent\\cendent-backend\\src\\app.controller.ts": {"path":"C:\\Users\\Crist\\Desktop\\ProyectoCedent\\cendent-backend\\src\\app.controller.ts","statementMap":{"0":{"start":{"line":1,"column":0},"end":{"line":1,"column":49}},"1":{"start":{"line":2,"column":0},"end":{"line":2,"column":43}},"2":{"start":{"line":5,"column":7},"end":{"line":12,"column":null}},"3":{"start":{"line":6,"column":31},"end":{"line":6,"column":43}},"4":{"start":{"line":10,"column":4},"end":{"line":10,"column":38}},"5":{"start":{"line":5,"column":13},"end":{"line":5,"column":26}},"6":{"start":{"line":9,"column":2},"end":{"line":11,"column":null}},"7":{"start":{"line":5,"column":13},"end":{"line":12,"column":null}}},"fnMap":{"0":{"name":"(anonymous_2)","decl":{"start":{"line":6,"column":2},"end":{"line":6,"column":31}},"loc":{"start":{"line":6,"column":53},"end":{"line":6,"column":57}}},"1":{"name":"(anonymous_3)","decl":{"start":{"line":9,"column":2},"end":{"line":9,"column":10}},"loc":{"start":{"line":9,"column":10},"end":{"line":11,"column":3}}}},"branchMap":{"0":{"loc":{"start":{"line":6,"column":43},"end":{"line":6,"column":56}},"type":"cond-expr","locations":[{"start":{"line":6,"column":53},"end":{"line":6,"column":56}},{"start":{"line":6,"column":53},"end":{"line":6,"column":56}}]},"1":{"loc":{"start":{"line":6,"column":43},"end":{"line":6,"column":53}},"type":"binary-expr","locations":[{"start":{"line":6,"column":43},"end":{"line":6,"column":56}},{"start":{"line":6,"column":43},"end":{"line":6,"column":53}}]}},"s":{"0":0,"1":0,"2":0,"3":0,"4":0,"5":0,"6":0,"7":0},"f":{"0":0,"1":0},"b":{"0":[0,0],"1":[0,0]}}
,"C:\\Users\\Crist\\Desktop\\ProyectoCedent\\cendent-backend\\src\\app.module.ts": {"path":"C:\\Users\\Crist\\Desktop\\ProyectoCedent\\cendent-backend\\src\\app.module.ts","statementMap":{"0":{"start":{"line":1,"column":0},"end":{"line":1,"column":40}},"1":{"start":{"line":2,"column":0},"end":{"line":2,"column":50}},"2":{"start":{"line":3,"column":0},"end":{"line":3,"column":49}},"3":{"start":{"line":4,"column":0},"end":{"line":4,"column":43}},"4":{"start":{"line":5,"column":0},"end":{"line":5,"column":63}},"5":{"start":{"line":6,"column":0},"end":{"line":6,"column":48}},"6":{"start":{"line":7,"column":0},"end":{"line":7,"column":48}},"7":{"start":{"line":8,"column":0},"end":{"line":8,"column":51}},"8":{"start":{"line":9,"column":0},"end":{"line":9,"column":69}},"9":{"start":{"line":10,"column":0},"end":{"line":10,"column":78}},"10":{"start":{"line":11,"column":0},"end":{"line":11,"column":54}},"11":{"start":{"line":12,"column":0},"end":{"line":12,"column":63}},"12":{"start":{"line":13,"column":0},"end":{"line":13,"column":66}},"13":{"start":{"line":14,"column":0},"end":{"line":14,"column":78}},"14":{"start":{"line":15,"column":0},"end":{"line":15,"column":60}},"15":{"start":{"line":35,"column":7},"end":{"line":35,"column":null}},"16":{"start":{"line":35,"column":13},"end":{"line":35,"column":22}},"17":{"start":{"line":35,"column":13},"end":{"line":35,"column":null}}},"fnMap":{},"branchMap":{},"s":{"0":0,"1":0,"2":0,"3":0,"4":0,"5":0,"6":0,"7":0,"8":0,"9":0,"10":0,"11":0,"12":0,"13":0,"14":0,"15":0,"16":0,"17":0},"f":{},"b":{}}
,"C:\\Users\\Crist\\Desktop\\ProyectoCedent\\cendent-backend\\src\\app.service.ts": {"path":"C:\\Users\\Crist\\Desktop\\ProyectoCedent\\cendent-backend\\src\\app.service.ts","statementMap":{"0":{"start":{"line":1,"column":0},"end":{"line":1,"column":44}},"1":{"start":{"line":4,"column":7},"end":{"line":8,"column":null}},"2":{"start":{"line":6,"column":4},"end":{"line":6,"column":26}},"3":{"start":{"line":4,"column":13},"end":{"line":4,"column":23}},"4":{"start":{"line":4,"column":13},"end":{"line":8,"column":null}}},"fnMap":{"0":{"name":"(anonymous_1)","decl":{"start":{"line":5,"column":2},"end":{"line":5,"column":10}},"loc":{"start":{"line":5,"column":10},"end":{"line":7,"column":3}}}},"branchMap":{},"s":{"0":0,"1":0,"2":0,"3":0,"4":0},"f":{"0":0},"b":{}}
,"C:\\Users\\Crist\\Desktop\\ProyectoCedent\\cendent-backend\\src\\main.ts": {"path":"C:\\Users\\Crist\\Desktop\\ProyectoCedent\\cendent-backend\\src\\main.ts","statementMap":{"0":{"start":{"line":1,"column":0},"end":{"line":1,"column":40}},"1":{"start":{"line":3,"column":0},"end":{"line":5,"column":1}},"2":{"start":{"line":4,"column":3},"end":{"line":4,"column":41}},"3":{"start":{"line":7,"column":0},"end":{"line":7,"column":48}},"4":{"start":{"line":8,"column":0},"end":{"line":8,"column":43}},"5":{"start":{"line":9,"column":0},"end":{"line":9,"column":65}},"6":{"start":{"line":10,"column":0},"end":{"line":10,"column":41}},"7":{"start":{"line":13,"column":14},"end":{"line":13,"column":49}},"8":{"start":{"line":14,"column":2},"end":{"line":14,"column":79}},"9":{"start":{"line":15,"column":2},"end":{"line":15,"column":19}},"10":{"start":{"line":17,"column":24},"end":{"line":22,"column":12}},"11":{"start":{"line":24,"column":20},"end":{"line":24,"column":68}},"12":{"start":{"line":25,"column":2},"end":{"line":25,"column":50}},"13":{"start":{"line":27,"column":2},"end":{"line":27,"column":45}},"14":{"start":{"line":29,"column":0},"end":{"line":29,"column":12}}},"fnMap":{"0":{"name":"bootstrap","decl":{"start":{"line":12,"column":15},"end":{"line":12,"column":24}},"loc":{"start":{"line":12,"column":24},"end":{"line":28,"column":1}}}},"branchMap":{"0":{"loc":{"start":{"line":3,"column":0},"end":{"line":5,"column":1}},"type":"if","locations":[{"start":{"line":3,"column":0},"end":{"line":5,"column":1}}]},"1":{"loc":{"start":{"line":27,"column":19},"end":{"line":27,"column":43}},"type":"binary-expr","locations":[{"start":{"line":27,"column":19},"end":{"line":27,"column":35}},{"start":{"line":27,"column":39},"end":{"line":27,"column":43}}]}},"s":{"0":0,"1":0,"2":0,"3":0,"4":0,"5":0,"6":0,"7":0,"8":0,"9":0,"10":0,"11":0,"12":0,"13":0,"14":0},"f":{"0":0},"b":{"0":[0],"1":[0,0]}}
,"C:\\Users\\Crist\\Desktop\\ProyectoCedent\\cendent-backend\\src\\analitica\\analitica.controller.ts": {"path":"C:\\Users\\Crist\\Desktop\\ProyectoCedent\\cendent-backend\\src\\analitica\\analitica.controller.ts","statementMap":{"0":{"start":{"line":1,"column":0},"end":{"line":1,"column":81}},"1":{"start":{"line":2,"column":0},"end":{"line":2,"column":71}},"2":{"start":{"line":3,"column":0},"end":{"line":3,"column":59}},"3":{"start":{"line":4,"column":0},"end":{"line":4,"column":56}},"4":{"start":{"line":5,"column":0},"end":{"line":5,"column":54}},"5":{"start":{"line":6,"column":0},"end":{"line":6,"column":55}},"6":{"start":{"line":13,"column":7},"end":{"line":27,"column":null}},"7":{"start":{"line":14,"column":31},"end":{"line":14,"column":49}},"8":{"start":{"line":19,"column":4},"end":{"line":19,"column":63}},"9":{"start":{"line":25,"column":4},"end":{"line":25,"column":61}},"10":{"start":{"line":13,"column":13},"end":{"line":13,"column":32}},"11":{"start":{"line":18,"column":2},"end":{"line":20,"column":null}},"12":{"start":{"line":24,"column":2},"end":{"line":26,"column":null}},"13":{"start":{"line":13,"column":13},"end":{"line":27,"column":null}}},"fnMap":{"0":{"name":"(anonymous_4)","decl":{"start":{"line":14,"column":2},"end":{"line":14,"column":31}},"loc":{"start":{"line":14,"column":65},"end":{"line":14,"column":69}}},"1":{"name":"(anonymous_5)","decl":{"start":{"line":18,"column":2},"end":{"line":18,"column":10}},"loc":{"start":{"line":18,"column":65},"end":{"line":20,"column":3}}},"2":{"name":"(anonymous_6)","decl":{"start":{"line":24,"column":2},"end":{"line":24,"column":12}},"loc":{"start":{"line":24,"column":67},"end":{"line":26,"column":3}}}},"branchMap":{"0":{"loc":{"start":{"line":14,"column":49},"end":{"line":14,"column":68}},"type":"cond-expr","locations":[{"start":{"line":14,"column":65},"end":{"line":14,"column":68}},{"start":{"line":14,"column":65},"end":{"line":14,"column":68}}]},"1":{"loc":{"start":{"line":14,"column":49},"end":{"line":14,"column":65}},"type":"binary-expr","locations":[{"start":{"line":14,"column":49},"end":{"line":14,"column":68}},{"start":{"line":14,"column":49},"end":{"line":14,"column":65}}]}},"s":{"0":1,"1":1,"2":1,"3":1,"4":1,"5":1,"6":1,"7":5,"8":3,"9":2,"10":1,"11":1,"12":1,"13":1},"f":{"0":5,"1":3,"2":2},"b":{"0":[1,0],"1":[1,1]}}
,"C:\\Users\\Crist\\Desktop\\ProyectoCedent\\cendent-backend\\src\\analitica\\analitica.module.ts": {"path":"C:\\Users\\Crist\\Desktop\\ProyectoCedent\\cendent-backend\\src\\analitica\\analitica.module.ts","statementMap":{"0":{"start":{"line":1,"column":0},"end":{"line":1,"column":40}},"1":{"start":{"line":2,"column":0},"end":{"line":2,"column":61}},"2":{"start":{"line":3,"column":0},"end":{"line":3,"column":59}},"3":{"start":{"line":4,"column":0},"end":{"line":4,"column":55}},"4":{"start":{"line":10,"column":7},"end":{"line":10,"column":null}},"5":{"start":{"line":10,"column":13},"end":{"line":10,"column":28}},"6":{"start":{"line":10,"column":13},"end":{"line":10,"column":null}}},"fnMap":{},"branchMap":{},"s":{"0":0,"1":0,"2":0,"3":0,"4":0,"5":0,"6":0},"f":{},"b":{}}
,"C:\\Users\\Crist\\Desktop\\ProyectoCedent\\cendent-backend\\src\\analitica\\analitica.scheduler.ts": {"path":"C:\\Users\\Crist\\Desktop\\ProyectoCedent\\cendent-backend\\src\\analitica\\analitica.scheduler.ts","statementMap":{"0":{"start":{"line":1,"column":0},"end":{"line":1,"column":52}},"1":{"start":{"line":2,"column":0},"end":{"line":2,"column":40}},"2":{"start":{"line":3,"column":0},"end":{"line":3,"column":57}},"3":{"start":{"line":4,"column":0},"end":{"line":4,"column":55}},"4":{"start":{"line":7,"column":31},"end":{"line":34,"column":null}},"5":{"start":{"line":8,"column":28},"end":{"line":8,"column":63}},"6":{"start":{"line":11,"column":21},"end":{"line":11,"column":39}},"7":{"start":{"line":12,"column":21},"end":{"line":12,"column":29}},"8":{"start":{"line":17,"column":4},"end":{"line":17,"column":96}},"9":{"start":{"line":19,"column":23},"end":{"line":22,"column":6}},"10":{"start":{"line":24,"column":4},"end":{"line":30,"column":5}},"11":{"start":{"line":25,"column":6},"end":{"line":29,"column":7}},"12":{"start":{"line":26,"column":8},"end":{"line":26,"column":65}},"13":{"start":{"line":28,"column":8},"end":{"line":28,"column":112}},"14":{"start":{"line":32,"column":4},"end":{"line":32,"column":86}},"15":{"start":{"line":7,"column":13},"end":{"line":7,"column":31}},"16":{"start":{"line":16,"column":8},"end":{"line":33,"column":null}},"17":{"start":{"line":7,"column":13},"end":{"line":34,"column":null}}},"fnMap":{"0":{"name":"(anonymous_2)","decl":{"start":{"line":10,"column":2},"end":{"line":10,"column":null}},"loc":{"start":{"line":12,"column":42},"end":{"line":13,"column":6}}},"1":{"name":"(anonymous_3)","decl":{"start":{"line":16,"column":2},"end":{"line":16,"column":7}},"loc":{"start":{"line":16,"column":35},"end":{"line":33,"column":3}}}},"branchMap":{"0":{"loc":{"start":{"line":11,"column":39},"end":{"line":11,"column":null}},"type":"cond-expr","locations":[{"start":{"line":11,"column":55},"end":{"line":11,"column":null}},{"start":{"line":11,"column":55},"end":{"line":11,"column":null}}]},"1":{"loc":{"start":{"line":11,"column":39},"end":{"line":11,"column":55}},"type":"binary-expr","locations":[{"start":{"line":11,"column":39},"end":{"line":11,"column":null}},{"start":{"line":11,"column":39},"end":{"line":11,"column":55}}]},"2":{"loc":{"start":{"line":11,"column":55},"end":{"line":12,"column":null}},"type":"cond-expr","locations":[{"start":{"line":12,"column":42},"end":{"line":12,"column":null}},{"start":{"line":12,"column":42},"end":{"line":12,"column":null}}]},"3":{"loc":{"start":{"line":11,"column":55},"end":{"line":12,"column":42}},"type":"binary-expr","locations":[{"start":{"line":11,"column":55},"end":{"line":12,"column":null}},{"start":{"line":12,"column":29},"end":{"line":12,"column":42}}]}},"s":{"0":1,"1":1,"2":1,"3":1,"4":1,"5":6,"6":6,"7":6,"8":6,"9":6,"10":6,"11":8,"12":8,"13":2,"14":6,"15":1,"16":1,"17":1},"f":{"0":6,"1":6},"b":{"0":[1,0],"1":[1,1],"2":[1,0],"3":[1,1]}}
,"C:\\Users\\Crist\\Desktop\\ProyectoCedent\\cendent-backend\\src\\analitica\\analitica.service.ts": {"path":"C:\\Users\\Crist\\Desktop\\ProyectoCedent\\cendent-backend\\src\\analitica\\analitica.service.ts","statementMap":{"0":{"start":{"line":1,"column":0},"end":{"line":1,"column":52}},"1":{"start":{"line":2,"column":0},"end":{"line":2,"column":34}},"2":{"start":{"line":3,"column":0},"end":{"line":3,"column":57}},"3":{"start":{"line":11,"column":20},"end":{"line":11,"column":23}},"4":{"start":{"line":12,"column":21},"end":{"line":12,"column":25}},"5":{"start":{"line":13,"column":25},"end":{"line":13,"column":27}},"6":{"start":{"line":14,"column":23},"end":{"line":14,"column":25}},"7":{"start":{"line":17,"column":29},"end":{"line":268,"column":null}},"8":{"start":{"line":18,"column":28},"end":{"line":18,"column":61}},"9":{"start":{"line":20,"column":31},"end":{"line":20,"column":39}},"10":{"start":{"line":25,"column":4},"end":{"line":36,"column":7}},"11":{"start":{"line":40,"column":25},"end":{"line":40,"column":63}},"12":{"start":{"line":41,"column":27},"end":{"line":41,"column":52}},"13":{"start":{"line":43,"column":4},"end":{"line":60,"column":5}},"14":{"start":{"line":44,"column":6},"end":{"line":44,"column":65}},"15":{"start":{"line":44,"column":56},"end":{"line":44,"column":65}},"16":{"start":{"line":46,"column":25},"end":{"line":46,"column":46}},"17":{"start":{"line":47,"column":20},"end":{"line":47,"column":77}},"18":{"start":{"line":48,"column":23},"end":{"line":48,"column":43}},"19":{"start":{"line":50,"column":6},"end":{"line":56,"column":7}},"20":{"start":{"line":51,"column":8},"end":{"line":51,"column":48}},"21":{"start":{"line":52,"column":8},"end":{"line":55,"column":10}},"22":{"start":{"line":58,"column":24},"end":{"line":58,"column":53}},"23":{"start":{"line":59,"column":6},"end":{"line":59,"column":67}},"24":{"start":{"line":62,"column":4},"end":{"line":62,"column":44}},"25":{"start":{"line":66,"column":4},"end":{"line":71,"column":7}},"26":{"start":{"line":67,"column":21},"end":{"line":67,"column":39}},"27":{"start":{"line":68,"column":18},"end":{"line":68,"column":51}},"28":{"start":{"line":69,"column":22},"end":{"line":69,"column":50}},"29":{"start":{"line":70,"column":6},"end":{"line":70,"column":65}},"30":{"start":{"line":70,"column":38},"end":{"line":70,"column":43}},"31":{"start":{"line":75,"column":16},"end":{"line":79,"column":6}},"32":{"start":{"line":81,"column":24},"end":{"line":81,"column":60}},"33":{"start":{"line":83,"column":22},"end":{"line":87,"column":6}},"34":{"start":{"line":89,"column":4},"end":{"line":89,"column":79}},"35":{"start":{"line":93,"column":16},"end":{"line":93,"column":26}},"36":{"start":{"line":94,"column":4},"end":{"line":94,"column":29}},"37":{"start":{"line":96,"column":18},"end":{"line":104,"column":6}},"38":{"start":{"line":106,"column":29},"end":{"line":106,"column":54}},"39":{"start":{"line":107,"column":4},"end":{"line":111,"column":5}},"40":{"start":{"line":108,"column":6},"end":{"line":108,"column":46}},"41":{"start":{"line":108,"column":37},"end":{"line":108,"column":46}},"42":{"start":{"line":109,"column":19},"end":{"line":109,"column":62}},"43":{"start":{"line":110,"column":6},"end":{"line":110,"column":79}},"44":{"start":{"line":113,"column":4},"end":{"line":113,"column":28}},"45":{"start":{"line":119,"column":4},"end":{"line":119,"column":83}},"46":{"start":{"line":121,"column":20},"end":{"line":121,"column":68}},"47":{"start":{"line":122,"column":45},"end":{"line":122,"column":82}},"48":{"start":{"line":124,"column":50},"end":{"line":124,"column":52}},"49":{"start":{"line":126,"column":4},"end":{"line":158,"column":5}},"50":{"start":{"line":128,"column":21},"end":{"line":128,"column":56}},"51":{"start":{"line":129,"column":6},"end":{"line":137,"column":7}},"52":{"start":{"line":130,"column":23},"end":{"line":130,"column":42}},"53":{"start":{"line":131,"column":23},"end":{"line":131,"column":58}},"54":{"start":{"line":132,"column":8},"end":{"line":136,"column":9}},"55":{"start":{"line":133,"column":22},"end":{"line":133,"column":55}},"56":{"start":{"line":134,"column":10},"end":{"line":134,"column":57}},"57":{"start":{"line":134,"column":35},"end":{"line":134,"column":57}},"58":{"start":{"line":135,"column":10},"end":{"line":135,"column":47}},"59":{"start":{"line":138,"column":30},"end":{"line":138,"column":65}},"60":{"start":{"line":139,"column":20},"end":{"line":139,"column":65}},"61":{"start":{"line":139,"column":47},"end":{"line":139,"column":64}},"62":{"start":{"line":141,"column":6},"end":{"line":141,"column":52}},"63":{"start":{"line":141,"column":43},"end":{"line":141,"column":52}},"64":{"start":{"line":143,"column":18},"end":{"line":143,"column":36}},"65":{"start":{"line":144,"column":6},"end":{"line":144,"column":30}},"66":{"start":{"line":144,"column":21},"end":{"line":144,"column":30}},"67":{"start":{"line":146,"column":24},"end":{"line":146,"column":49}},"68":{"start":{"line":146,"column":41},"end":{"line":146,"column":48}},"69":{"start":{"line":147,"column":55},"end":{"line":147,"column":89}},"70":{"start":{"line":149,"column":37},"end":{"line":149,"column":57}},"71":{"start":{"line":151,"column":6},"end":{"line":157,"column":9}},"72":{"start":{"line":160,"column":4},"end":{"line":160,"column":113}},"73":{"start":{"line":162,"column":4},"end":{"line":167,"column":6}},"74":{"start":{"line":171,"column":4},"end":{"line":171,"column":107}},"75":{"start":{"line":173,"column":20},"end":{"line":173,"column":68}},"76":{"start":{"line":174,"column":45},"end":{"line":174,"column":82}},"77":{"start":{"line":176,"column":25},"end":{"line":176,"column":56}},"78":{"start":{"line":177,"column":29},"end":{"line":177,"column":84}},"79":{"start":{"line":179,"column":47},"end":{"line":179,"column":49}},"80":{"start":{"line":181,"column":4},"end":{"line":230,"column":5}},"81":{"start":{"line":183,"column":21},"end":{"line":183,"column":56}},"82":{"start":{"line":184,"column":6},"end":{"line":192,"column":7}},"83":{"start":{"line":185,"column":23},"end":{"line":185,"column":42}},"84":{"start":{"line":186,"column":23},"end":{"line":186,"column":58}},"85":{"start":{"line":187,"column":8},"end":{"line":191,"column":9}},"86":{"start":{"line":188,"column":22},"end":{"line":188,"column":55}},"87":{"start":{"line":189,"column":10},"end":{"line":189,"column":57}},"88":{"start":{"line":189,"column":35},"end":{"line":189,"column":57}},"89":{"start":{"line":190,"column":10},"end":{"line":190,"column":47}},"90":{"start":{"line":193,"column":30},"end":{"line":193,"column":65}},"91":{"start":{"line":194,"column":20},"end":{"line":194,"column":65}},"92":{"start":{"line":194,"column":47},"end":{"line":194,"column":64}},"93":{"start":{"line":196,"column":6},"end":{"line":196,"column":52}},"94":{"start":{"line":196,"column":43},"end":{"line":196,"column":52}},"95":{"start":{"line":198,"column":18},"end":{"line":198,"column":36}},"96":{"start":{"line":199,"column":6},"end":{"line":199,"column":30}},"97":{"start":{"line":199,"column":21},"end":{"line":199,"column":30}},"98":{"start":{"line":201,"column":24},"end":{"line":201,"column":49}},"99":{"start":{"line":201,"column":41},"end":{"line":201,"column":48}},"100":{"start":{"line":202,"column":35},"end":{"line":202,"column":69}},"101":{"start":{"line":205,"column":37},"end":{"line":205,"column":78}},"102":{"start":{"line":206,"column":36},"end":{"line":208,"column":13}},"103":{"start":{"line":207,"column":41},"end":{"line":207,"column":55}},"104":{"start":{"line":210,"column":25},"end":{"line":210,"column":62}},"105":{"start":{"line":211,"column":29},"end":{"line":211,"column":67}},"106":{"start":{"line":214,"column":8},"end":{"line":218,"column":18}},"107":{"start":{"line":220,"column":31},"end":{"line":220,"column":104}},"108":{"start":{"line":222,"column":6},"end":{"line":229,"column":9}},"109":{"start":{"line":232,"column":4},"end":{"line":232,"column":75}},"110":{"start":{"line":232,"column":32},"end":{"line":232,"column":73}},"111":{"start":{"line":234,"column":4},"end":{"line":234,"column":110}},"112":{"start":{"line":236,"column":4},"end":{"line":240,"column":6}},"113":{"start":{"line":244,"column":22},"end":{"line":244,"column":62}},"114":{"start":{"line":245,"column":21},"end":{"line":249,"column":6}},"115":{"start":{"line":250,"column":4},"end":{"line":250,"column":63}},"116":{"start":{"line":254,"column":19},"end":{"line":256,"column":6}},"117":{"start":{"line":257,"column":4},"end":{"line":259,"column":5}},"118":{"start":{"line":258,"column":6},"end":{"line":258,"column":79}},"119":{"start":{"line":261,"column":4},"end":{"line":265,"column":7}},"120":{"start":{"line":262,"column":6},"end":{"line":264,"column":8}},"121":{"start":{"line":263,"column":8},"end":{"line":263,"column":96}},"122":{"start":{"line":266,"column":4},"end":{"line":266,"column":16}},"123":{"start":{"line":17,"column":13},"end":{"line":17,"column":29}},"124":{"start":{"line":17,"column":13},"end":{"line":268,"column":null}}},"fnMap":{"0":{"name":"(anonymous_11)","decl":{"start":{"line":20,"column":2},"end":{"line":20,"column":31}},"loc":{"start":{"line":20,"column":52},"end":{"line":20,"column":56}}},"1":{"name":"(anonymous_12)","decl":{"start":{"line":24,"column":10},"end":{"line":24,"column":15}},"loc":{"start":{"line":24,"column":60},"end":{"line":37,"column":3}}},"2":{"name":"(anonymous_13)","decl":{"start":{"line":39,"column":10},"end":{"line":39,"column":33}},"loc":{"start":{"line":39,"column":101},"end":{"line":63,"column":3}}},"3":{"name":"(anonymous_14)","decl":{"start":{"line":65,"column":10},"end":{"line":65,"column":23}},"loc":{"start":{"line":65,"column":39},"end":{"line":72,"column":3}}},"4":{"name":"(anonymous_15)","decl":{"start":{"line":66,"column":21},"end":{"line":66,"column":22}},"loc":{"start":{"line":66,"column":30},"end":{"line":71,"column":5}}},"5":{"name":"(anonymous_16)","decl":{"start":{"line":70,"column":28},"end":{"line":70,"column":29}},"loc":{"start":{"line":70,"column":38},"end":{"line":70,"column":43}}},"6":{"name":"(anonymous_17)","decl":{"start":{"line":74,"column":10},"end":{"line":74,"column":28}},"loc":{"start":{"line":74,"column":55},"end":{"line":90,"column":3}}},"7":{"name":"(anonymous_18)","decl":{"start":{"line":92,"column":10},"end":{"line":92,"column":15}},"loc":{"start":{"line":92,"column":77},"end":{"line":114,"column":3}}},"8":{"name":"(anonymous_19)","decl":{"start":{"line":118,"column":2},"end":{"line":118,"column":7}},"loc":{"start":{"line":118,"column":44},"end":{"line":168,"column":3}}},"9":{"name":"(anonymous_20)","decl":{"start":{"line":139,"column":40},"end":{"line":139,"column":41}},"loc":{"start":{"line":139,"column":47},"end":{"line":139,"column":64}}},"10":{"name":"(anonymous_21)","decl":{"start":{"line":146,"column":34},"end":{"line":146,"column":35}},"loc":{"start":{"line":146,"column":41},"end":{"line":146,"column":48}}},"11":{"name":"(anonymous_22)","decl":{"start":{"line":170,"column":10},"end":{"line":170,"column":15}},"loc":{"start":{"line":170,"column":52},"end":{"line":241,"column":3}}},"12":{"name":"(anonymous_23)","decl":{"start":{"line":194,"column":40},"end":{"line":194,"column":41}},"loc":{"start":{"line":194,"column":47},"end":{"line":194,"column":64}}},"13":{"name":"(anonymous_24)","decl":{"start":{"line":201,"column":34},"end":{"line":201,"column":35}},"loc":{"start":{"line":201,"column":41},"end":{"line":201,"column":48}}},"14":{"name":"(anonymous_25)","decl":{"start":{"line":207,"column":28},"end":{"line":207,"column":29}},"loc":{"start":{"line":207,"column":41},"end":{"line":207,"column":55}}},"15":{"name":"(anonymous_26)","decl":{"start":{"line":232,"column":22},"end":{"line":232,"column":23}},"loc":{"start":{"line":232,"column":32},"end":{"line":232,"column":73}}},"16":{"name":"(anonymous_27)","decl":{"start":{"line":243,"column":2},"end":{"line":243,"column":7}},"loc":{"start":{"line":243,"column":42},"end":{"line":251,"column":3}}},"17":{"name":"(anonymous_28)","decl":{"start":{"line":253,"column":2},"end":{"line":253,"column":7}},"loc":{"start":{"line":253,"column":42},"end":{"line":267,"column":3}}},"18":{"name":"(anonymous_29)","decl":{"start":{"line":261,"column":17},"end":{"line":261,"column":20}},"loc":{"start":{"line":261,"column":22},"end":{"line":265,"column":5}}},"19":{"name":"(anonymous_30)","decl":{"start":{"line":262,"column":45},"end":{"line":262,"column":46}},"loc":{"start":{"line":263,"column":8},"end":{"line":263,"column":96}}}},"branchMap":{"0":{"loc":{"start":{"line":44,"column":6},"end":{"line":44,"column":65}},"type":"if","locations":[{"start":{"line":44,"column":6},"end":{"line":44,"column":65}}]},"1":{"loc":{"start":{"line":44,"column":10},"end":{"line":44,"column":54}},"type":"binary-expr","locations":[{"start":{"line":44,"column":10},"end":{"line":44,"column":20}},{"start":{"line":44,"column":24},"end":{"line":44,"column":54}}]},"2":{"loc":{"start":{"line":47,"column":21},"end":{"line":47,"column":49}},"type":"binary-expr","locations":[{"start":{"line":47,"column":21},"end":{"line":47,"column":35}},{"start":{"line":47,"column":39},"end":{"line":47,"column":49}}]},"3":{"loc":{"start":{"line":50,"column":6},"end":{"line":56,"column":7}},"type":"if","locations":[{"start":{"line":50,"column":6},"end":{"line":56,"column":7}}]},"4":{"loc":{"start":{"line":54,"column":10},"end":{"line":54,"column":69}},"type":"binary-expr","locations":[{"start":{"line":54,"column":10},"end":{"line":54,"column":41}},{"start":{"line":54,"column":45},"end":{"line":54,"column":69}}]},"5":{"loc":{"start":{"line":59,"column":28},"end":{"line":59,"column":53}},"type":"binary-expr","locations":[{"start":{"line":59,"column":28},"end":{"line":59,"column":48}},{"start":{"line":59,"column":52},"end":{"line":59,"column":53}}]},"6":{"loc":{"start":{"line":108,"column":6},"end":{"line":108,"column":46}},"type":"if","locations":[{"start":{"line":108,"column":6},"end":{"line":108,"column":46}}]},"7":{"loc":{"start":{"line":109,"column":19},"end":{"line":109,"column":62}},"type":"binary-expr","locations":[{"start":{"line":109,"column":19},"end":{"line":109,"column":57}},{"start":{"line":109,"column":61},"end":{"line":109,"column":62}}]},"8":{"loc":{"start":{"line":129,"column":6},"end":{"line":137,"column":7}},"type":"if","locations":[{"start":{"line":129,"column":6},"end":{"line":137,"column":7}}]},"9":{"loc":{"start":{"line":134,"column":10},"end":{"line":134,"column":57}},"type":"if","locations":[{"start":{"line":134,"column":10},"end":{"line":134,"column":57}}]},"10":{"loc":{"start":{"line":141,"column":6},"end":{"line":141,"column":52}},"type":"if","locations":[{"start":{"line":141,"column":6},"end":{"line":141,"column":52}}]},"11":{"loc":{"start":{"line":144,"column":6},"end":{"line":144,"column":30}},"type":"if","locations":[{"start":{"line":144,"column":6},"end":{"line":144,"column":30}}]},"12":{"loc":{"start":{"line":153,"column":25},"end":{"line":153,"column":83}},"type":"binary-expr","locations":[{"start":{"line":153,"column":25},"end":{"line":153,"column":55}},{"start":{"line":153,"column":59},"end":{"line":153,"column":83}}]},"13":{"loc":{"start":{"line":184,"column":6},"end":{"line":192,"column":7}},"type":"if","locations":[{"start":{"line":184,"column":6},"end":{"line":192,"column":7}}]},"14":{"loc":{"start":{"line":189,"column":10},"end":{"line":189,"column":57}},"type":"if","locations":[{"start":{"line":189,"column":10},"end":{"line":189,"column":57}}]},"15":{"loc":{"start":{"line":196,"column":6},"end":{"line":196,"column":52}},"type":"if","locations":[{"start":{"line":196,"column":6},"end":{"line":196,"column":52}}]},"16":{"loc":{"start":{"line":199,"column":6},"end":{"line":199,"column":30}},"type":"if","locations":[{"start":{"line":199,"column":6},"end":{"line":199,"column":30}}]},"17":{"loc":{"start":{"line":210,"column":25},"end":{"line":210,"column":62}},"type":"binary-expr","locations":[{"start":{"line":210,"column":25},"end":{"line":210,"column":57}},{"start":{"line":210,"column":61},"end":{"line":210,"column":62}}]},"18":{"loc":{"start":{"line":214,"column":8},"end":{"line":218,"column":18}},"type":"cond-expr","locations":[{"start":{"line":215,"column":12},"end":{"line":215,"column":13}},{"start":{"line":216,"column":12},"end":{"line":218,"column":18}}]},"19":{"loc":{"start":{"line":216,"column":12},"end":{"line":218,"column":18}},"type":"cond-expr","locations":[{"start":{"line":217,"column":14},"end":{"line":217,"column":53}},{"start":{"line":218,"column":14},"end":{"line":218,"column":18}}]},"20":{"loc":{"start":{"line":224,"column":20},"end":{"line":224,"column":78}},"type":"binary-expr","locations":[{"start":{"line":224,"column":20},"end":{"line":224,"column":50}},{"start":{"line":224,"column":54},"end":{"line":224,"column":78}}]},"21":{"loc":{"start":{"line":257,"column":4},"end":{"line":259,"column":5}},"type":"if","locations":[{"start":{"line":257,"column":4},"end":{"line":259,"column":5}}]},"22":{"loc":{"start":{"line":20,"column":39},"end":{"line":20,"column":55}},"type":"cond-expr","locations":[{"start":{"line":20,"column":52},"end":{"line":20,"column":55}},{"start":{"line":20,"column":52},"end":{"line":20,"column":55}}]},"23":{"loc":{"start":{"line":20,"column":39},"end":{"line":20,"column":52}},"type":"binary-expr","locations":[{"start":{"line":20,"column":39},"end":{"line":20,"column":55}},{"start":{"line":20,"column":39},"end":{"line":20,"column":52}}]}},"s":{"0":3,"1":3,"2":3,"3":3,"4":3,"5":3,"6":3,"7":3,"8":13,"9":13,"10":11,"11":11,"12":11,"13":11,"14":225,"15":0,"16":225,"17":225,"18":225,"19":225,"20":12,"21":12,"22":225,"23":225,"24":11,"25":9,"26":180,"27":180,"28":180,"29":180,"30":522,"31":9,"32":9,"33":9,"34":9,"35":5,"36":5,"37":5,"38":5,"39":5,"40":2,"41":0,"42":2,"43":2,"44":5,"45":6,"46":6,"47":6,"48":6,"49":6,"50":7,"51":7,"52":6,"53":6,"54":6,"55":120,"56":120,"57":0,"58":120,"59":7,"60":7,"61":121,"62":7,"63":1,"64":6,"65":6,"66":1,"67":5,"68":100,"69":5,"70":5,"71":5,"72":6,"73":6,"74":5,"75":5,"76":5,"77":5,"78":5,"79":5,"80":5,"81":5,"82":5,"83":5,"84":5,"85":5,"86":100,"87":100,"88":0,"89":100,"90":5,"91":5,"92":100,"93":5,"94":0,"95":5,"96":5,"97":0,"98":5,"99":100,"100":5,"101":5,"102":5,"103":150,"104":5,"105":5,"106":5,"107":5,"108":5,"109":5,"110":0,"111":5,"112":5,"113":5,"114":5,"115":5,"116":2,"117":2,"118":1,"119":1,"120":1,"121":0,"122":1,"123":3,"124":3},"f":{"0":13,"1":11,"2":11,"3":9,"4":180,"5":522,"6":9,"7":5,"8":6,"9":121,"10":100,"11":5,"12":100,"13":100,"14":150,"15":0,"16":5,"17":2,"18":1,"19":0},"b":{"0":[0],"1":[225,225],"2":[225,0],"3":[12],"4":[12,0],"5":[225,221],"6":[0],"7":[2,2],"8":[6],"9":[0],"10":[1],"11":[1],"12":[5,0],"13":[5],"14":[0],"15":[0],"16":[0],"17":[5,3],"18":[3,2],"19":[1,1],"20":[5,0],"21":[1],"22":[3,0],"23":[3,3]}}
,"C:\\Users\\Crist\\Desktop\\ProyectoCedent\\cendent-backend\\src\\analitica\\dto\\resultado-entrenamiento.dto.ts": {"path":"C:\\Users\\Crist\\Desktop\\ProyectoCedent\\cendent-backend\\src\\analitica\\dto\\resultado-entrenamiento.dto.ts","statementMap":{"0":{"start":{"line":1,"column":0},"end":{"line":1,"column":13}},"1":{"start":{"line":9,"column":0},"end":{"line":9,"column":13}},"2":{"start":{"line":16,"column":0},"end":{"line":16,"column":13}},"3":{"start":{"line":25,"column":0},"end":{"line":25,"column":13}}},"fnMap":{},"branchMap":{},"s":{"0":0,"1":0,"2":0,"3":0},"f":{},"b":{}}
,"C:\\Users\\Crist\\Desktop\\ProyectoCedent\\cendent-backend\\src\\auth\\auth.controller.ts": {"path":"C:\\Users\\Crist\\Desktop\\ProyectoCedent\\cendent-backend\\src\\auth\\auth.controller.ts","statementMap":{"0":{"start":{"line":1,"column":0},"end":{"line":1,"column":56}},"1":{"start":{"line":2,"column":0},"end":{"line":2,"column":56}},"2":{"start":{"line":3,"column":0},"end":{"line":3,"column":45}},"3":{"start":{"line":4,"column":0},"end":{"line":4,"column":43}},"4":{"start":{"line":8,"column":7},"end":{"line":16,"column":null}},"5":{"start":{"line":9,"column":31},"end":{"line":9,"column":44}},"6":{"start":{"line":14,"column":4},"end":{"line":14,"column":39}},"7":{"start":{"line":8,"column":13},"end":{"line":8,"column":27}},"8":{"start":{"line":13,"column":2},"end":{"line":15,"column":null}},"9":{"start":{"line":8,"column":13},"end":{"line":16,"column":null}}},"fnMap":{"0":{"name":"(anonymous_4)","decl":{"start":{"line":9,"column":2},"end":{"line":9,"column":31}},"loc":{"start":{"line":9,"column":55},"end":{"line":9,"column":59}}},"1":{"name":"(anonymous_5)","decl":{"start":{"line":13,"column":2},"end":{"line":13,"column":7}},"loc":{"start":{"line":13,"column":29},"end":{"line":15,"column":3}}}},"branchMap":{"0":{"loc":{"start":{"line":13,"column":21},"end":{"line":13,"column":null}},"type":"cond-expr","locations":[{"start":{"line":13,"column":29},"end":{"line":13,"column":null}},{"start":{"line":13,"column":29},"end":{"line":13,"column":null}}]},"1":{"loc":{"start":{"line":13,"column":21},"end":{"line":13,"column":29}},"type":"binary-expr","locations":[{"start":{"line":13,"column":21},"end":{"line":13,"column":null}},{"start":{"line":13,"column":21},"end":{"line":13,"column":29}}]},"2":{"loc":{"start":{"line":9,"column":44},"end":{"line":9,"column":58}},"type":"cond-expr","locations":[{"start":{"line":9,"column":55},"end":{"line":9,"column":58}},{"start":{"line":9,"column":55},"end":{"line":9,"column":58}}]},"3":{"loc":{"start":{"line":9,"column":44},"end":{"line":9,"column":55}},"type":"binary-expr","locations":[{"start":{"line":9,"column":44},"end":{"line":9,"column":58}},{"start":{"line":9,"column":44},"end":{"line":9,"column":55}}]}},"s":{"0":0,"1":0,"2":0,"3":0,"4":0,"5":0,"6":0,"7":0,"8":0,"9":0},"f":{"0":0,"1":0},"b":{"0":[0,0],"1":[0,0],"2":[0,0],"3":[0,0]}}
,"C:\\Users\\Crist\\Desktop\\ProyectoCedent\\cendent-backend\\src\\auth\\auth.module.ts": {"path":"C:\\Users\\Crist\\Desktop\\ProyectoCedent\\cendent-backend\\src\\auth\\auth.module.ts","statementMap":{"0":{"start":{"line":1,"column":0},"end":{"line":1,"column":40}},"1":{"start":{"line":2,"column":0},"end":{"line":2,"column":40}},"2":{"start":{"line":3,"column":0},"end":{"line":3,"column":50}},"3":{"start":{"line":4,"column":0},"end":{"line":4,"column":61}},"4":{"start":{"line":5,"column":0},"end":{"line":5,"column":51}},"5":{"start":{"line":6,"column":0},"end":{"line":6,"column":45}},"6":{"start":{"line":7,"column":0},"end":{"line":7,"column":48}},"7":{"start":{"line":8,"column":0},"end":{"line":8,"column":45}},"8":{"start":{"line":23,"column":7},"end":{"line":23,"column":null}},"9":{"start":{"line":23,"column":13},"end":{"line":23,"column":23}},"10":{"start":{"line":23,"column":13},"end":{"line":23,"column":null}}},"fnMap":{},"branchMap":{"0":{"loc":{"start":{"line":16,"column":33},"end":{"line":16,"column":67}},"type":"binary-expr","locations":[{"start":{"line":16,"column":33},"end":{"line":16,"column":59}},{"start":{"line":16,"column":63},"end":{"line":16,"column":67}}]}},"s":{"0":0,"1":0,"2":0,"3":0,"4":0,"5":0,"6":0,"7":0,"8":0,"9":0,"10":0},"f":{},"b":{"0":[0,0]}}
,"C:\\Users\\Crist\\Desktop\\ProyectoCedent\\cendent-backend\\src\\auth\\auth.service.ts": {"path":"C:\\Users\\Crist\\Desktop\\ProyectoCedent\\cendent-backend\\src\\auth\\auth.service.ts","statementMap":{"0":{"start":{"line":1,"column":0},"end":{"line":1,"column":67}},"1":{"start":{"line":2,"column":0},"end":{"line":2,"column":41}},"2":{"start":{"line":3,"column":0},"end":{"line":3,"column":33}},"3":{"start":{"line":4,"column":0},"end":{"line":4,"column":63}},"4":{"start":{"line":9,"column":7},"end":{"line":46,"column":null}},"5":{"start":{"line":11,"column":21},"end":{"line":11,"column":38}},"6":{"start":{"line":12,"column":21},"end":{"line":12,"column":33}},"7":{"start":{"line":16,"column":20},"end":{"line":16,"column":83}},"8":{"start":{"line":18,"column":4},"end":{"line":20,"column":5}},"9":{"start":{"line":19,"column":6},"end":{"line":19,"column":66}},"10":{"start":{"line":22,"column":4},"end":{"line":24,"column":5}},"11":{"start":{"line":23,"column":6},"end":{"line":23,"column":59}},"12":{"start":{"line":26,"column":27},"end":{"line":26,"column":84}},"13":{"start":{"line":27,"column":4},"end":{"line":29,"column":5}},"14":{"start":{"line":28,"column":6},"end":{"line":28,"column":66}},"15":{"start":{"line":31,"column":32},"end":{"line":35,"column":6}},"16":{"start":{"line":37,"column":4},"end":{"line":44,"column":6}},"17":{"start":{"line":9,"column":13},"end":{"line":9,"column":24}},"18":{"start":{"line":9,"column":13},"end":{"line":46,"column":null}}},"fnMap":{"0":{"name":"(anonymous_11)","decl":{"start":{"line":10,"column":2},"end":{"line":10,"column":null}},"loc":{"start":{"line":12,"column":43},"end":{"line":13,"column":6}}},"1":{"name":"(anonymous_12)","decl":{"start":{"line":15,"column":2},"end":{"line":15,"column":7}},"loc":{"start":{"line":15,"column":27},"end":{"line":45,"column":3}}}},"branchMap":{"0":{"loc":{"start":{"line":18,"column":4},"end":{"line":20,"column":5}},"type":"if","locations":[{"start":{"line":18,"column":4},"end":{"line":20,"column":5}}]},"1":{"loc":{"start":{"line":22,"column":4},"end":{"line":24,"column":5}},"type":"if","locations":[{"start":{"line":22,"column":4},"end":{"line":24,"column":5}}]},"2":{"loc":{"start":{"line":27,"column":4},"end":{"line":29,"column":5}},"type":"if","locations":[{"start":{"line":27,"column":4},"end":{"line":29,"column":5}}]},"3":{"loc":{"start":{"line":43,"column":20},"end":{"line":43,"column":58}},"type":"binary-expr","locations":[{"start":{"line":43,"column":20},"end":{"line":43,"column":52}},{"start":{"line":43,"column":56},"end":{"line":43,"column":58}}]},"4":{"loc":{"start":{"line":11,"column":38},"end":{"line":11,"column":null}},"type":"cond-expr","locations":[{"start":{"line":11,"column":53},"end":{"line":11,"column":null}},{"start":{"line":11,"column":53},"end":{"line":11,"column":null}}]},"5":{"loc":{"start":{"line":11,"column":38},"end":{"line":11,"column":53}},"type":"binary-expr","locations":[{"start":{"line":11,"column":38},"end":{"line":11,"column":null}},{"start":{"line":11,"column":38},"end":{"line":11,"column":53}}]},"6":{"loc":{"start":{"line":11,"column":53},"end":{"line":12,"column":null}},"type":"cond-expr","locations":[{"start":{"line":12,"column":43},"end":{"line":12,"column":null}},{"start":{"line":12,"column":43},"end":{"line":12,"column":null}}]},"7":{"loc":{"start":{"line":11,"column":53},"end":{"line":12,"column":43}},"type":"binary-expr","locations":[{"start":{"line":11,"column":53},"end":{"line":12,"column":null}},{"start":{"line":12,"column":33},"end":{"line":12,"column":43}}]}},"s":{"0":0,"1":0,"2":0,"3":0,"4":0,"5":0,"6":0,"7":0,"8":0,"9":0,"10":0,"11":0,"12":0,"13":0,"14":0,"15":0,"16":0,"17":0,"18":0},"f":{"0":0,"1":0},"b":{"0":[0],"1":[0],"2":[0],"3":[0,0],"4":[0,0],"5":[0,0],"6":[0,0],"7":[0,0]}}
,"C:\\Users\\Crist\\Desktop\\ProyectoCedent\\cendent-backend\\src\\auth\\jwt-auth.guard.ts": {"path":"C:\\Users\\Crist\\Desktop\\ProyectoCedent\\cendent-backend\\src\\auth\\jwt-auth.guard.ts","statementMap":{"0":{"start":{"line":1,"column":0},"end":{"line":1,"column":44}},"1":{"start":{"line":2,"column":0},"end":{"line":2,"column":45}},"2":{"start":{"line":5,"column":7},"end":{"line":5,"column":null}},"3":{"start":{"line":5,"column":13},"end":{"line":5,"column":25}},"4":{"start":{"line":5,"column":13},"end":{"line":5,"column":null}}},"fnMap":{},"branchMap":{},"s":{"0":0,"1":0,"2":0,"3":0,"4":0},"f":{},"b":{}}
,"C:\\Users\\Crist\\Desktop\\ProyectoCedent\\cendent-backend\\src\\auth\\jwt.strategy.ts": {"path":"C:\\Users\\Crist\\Desktop\\ProyectoCedent\\cendent-backend\\src\\auth\\jwt.strategy.ts","statementMap":{"0":{"start":{"line":1,"column":0},"end":{"line":1,"column":67}},"1":{"start":{"line":2,"column":0},"end":{"line":2,"column":52}},"2":{"start":{"line":3,"column":0},"end":{"line":3,"column":52}},"3":{"start":{"line":4,"column":0},"end":{"line":4,"column":63}},"4":{"start":{"line":8,"column":7},"end":{"line":24,"column":null}},"5":{"start":{"line":10,"column":4},"end":{"line":14,"column":7}},"6":{"start":{"line":9,"column":31},"end":{"line":9,"column":48}},"7":{"start":{"line":19,"column":20},"end":{"line":19,"column":72}},"8":{"start":{"line":20,"column":4},"end":{"line":20,"column":88}},"9":{"start":{"line":20,"column":18},"end":{"line":20,"column":88}},"10":{"start":{"line":22,"column":4},"end":{"line":22,"column":91}},"11":{"start":{"line":8,"column":13},"end":{"line":8,"column":24}},"12":{"start":{"line":8,"column":13},"end":{"line":24,"column":null}}},"fnMap":{"0":{"name":"(anonymous_2)","decl":{"start":{"line":9,"column":2},"end":{"line":9,"column":31}},"loc":{"start":{"line":9,"column":63},"end":{"line":15,"column":3}}},"1":{"name":"(anonymous_3)","decl":{"start":{"line":17,"column":2},"end":{"line":17,"column":7}},"loc":{"start":{"line":17,"column":36},"end":{"line":23,"column":3}}}},"branchMap":{"0":{"loc":{"start":{"line":20,"column":4},"end":{"line":20,"column":88}},"type":"if","locations":[{"start":{"line":20,"column":4},"end":{"line":20,"column":88}}]},"1":{"loc":{"start":{"line":9,"column":48},"end":{"line":9,"column":null}},"type":"cond-expr","locations":[{"start":{"line":9,"column":63},"end":{"line":9,"column":null}},{"start":{"line":9,"column":63},"end":{"line":9,"column":null}}]},"2":{"loc":{"start":{"line":9,"column":48},"end":{"line":9,"column":63}},"type":"binary-expr","locations":[{"start":{"line":9,"column":48},"end":{"line":9,"column":null}},{"start":{"line":9,"column":48},"end":{"line":9,"column":63}}]}},"s":{"0":0,"1":0,"2":0,"3":0,"4":0,"5":0,"6":0,"7":0,"8":0,"9":0,"10":0,"11":0,"12":0},"f":{"0":0,"1":0},"b":{"0":[0],"1":[0,0],"2":[0,0]}}
,"C:\\Users\\Crist\\Desktop\\ProyectoCedent\\cendent-backend\\src\\auth\\decorators\\roles.decorator.ts": {"path":"C:\\Users\\Crist\\Desktop\\ProyectoCedent\\cendent-backend\\src\\auth\\decorators\\roles.decorator.ts","statementMap":{"0":{"start":{"line":1,"column":0},"end":{"line":1,"column":45}},"1":{"start":{"line":3,"column":13},"end":{"line":3,"column":33}},"2":{"start":{"line":4,"column":21},"end":{"line":4,"column":74}},"3":{"start":{"line":4,"column":45},"end":{"line":4,"column":74}},"4":{"start":{"line":4,"column":13},"end":{"line":4,"column":21}}},"fnMap":{"0":{"name":"(anonymous_0)","decl":{"start":{"line":4,"column":21},"end":{"line":4,"column":22}},"loc":{"start":{"line":4,"column":45},"end":{"line":4,"column":74}}}},"branchMap":{},"s":{"0":1,"1":1,"2":1,"3":1,"4":1},"f":{"0":1},"b":{}}
,"C:\\Users\\Crist\\Desktop\\ProyectoCedent\\cendent-backend\\src\\auth\\dto\\login.dto.ts": {"path":"C:\\Users\\Crist\\Desktop\\ProyectoCedent\\cendent-backend\\src\\auth\\dto\\login.dto.ts","statementMap":{"0":{"start":{"line":1,"column":0},"end":{"line":1,"column":55}},"1":{"start":{"line":3,"column":0},"end":{"line":3,"column":13}},"2":{"start":{"line":6,"column":2},"end":{"line":6,"column":null}},"3":{"start":{"line":10,"column":2},"end":{"line":10,"column":null}}},"fnMap":{},"branchMap":{},"s":{"0":0,"1":0,"2":0,"3":0},"f":{},"b":{}}
,"C:\\Users\\Crist\\Desktop\\ProyectoCedent\\cendent-backend\\src\\auth\\guards\\roles.guard.ts": {"path":"C:\\Users\\Crist\\Desktop\\ProyectoCedent\\cendent-backend\\src\\auth\\guards\\roles.guard.ts","statementMap":{"0":{"start":{"line":1,"column":0},"end":{"line":1,"column":null}},"1":{"start":{"line":7,"column":0},"end":{"line":7,"column":41}},"2":{"start":{"line":8,"column":0},"end":{"line":8,"column":58}},"3":{"start":{"line":11,"column":7},"end":{"line":32,"column":null}},"4":{"start":{"line":12,"column":31},"end":{"line":12,"column":42}},"5":{"start":{"line":15,"column":28},"end":{"line":18,"column":6}},"6":{"start":{"line":20,"column":4},"end":{"line":20,"column":70}},"7":{"start":{"line":20,"column":58},"end":{"line":20,"column":70}},"8":{"start":{"line":22,"column":21},"end":{"line":22,"column":56}},"9":{"start":{"line":24,"column":4},"end":{"line":28,"column":5}},"10":{"start":{"line":25,"column":6},"end":{"line":27,"column":8}},"11":{"start":{"line":30,"column":4},"end":{"line":30,"column":16}},"12":{"start":{"line":11,"column":13},"end":{"line":11,"column":23}},"13":{"start":{"line":11,"column":13},"end":{"line":32,"column":null}}},"fnMap":{"0":{"name":"(anonymous_2)","decl":{"start":{"line":12,"column":2},"end":{"line":12,"column":31}},"loc":{"start":{"line":12,"column":51},"end":{"line":12,"column":55}}},"1":{"name":"(anonymous_3)","decl":{"start":{"line":14,"column":2},"end":{"line":14,"column":13}},"loc":{"start":{"line":14,"column":39},"end":{"line":31,"column":3}}}},"branchMap":{"0":{"loc":{"start":{"line":20,"column":4},"end":{"line":20,"column":70}},"type":"if","locations":[{"start":{"line":20,"column":4},"end":{"line":20,"column":70}}]},"1":{"loc":{"start":{"line":20,"column":8},"end":{"line":20,"column":56}},"type":"binary-expr","locations":[{"start":{"line":20,"column":8},"end":{"line":20,"column":24}},{"start":{"line":20,"column":28},"end":{"line":20,"column":56}}]},"2":{"loc":{"start":{"line":24,"column":4},"end":{"line":28,"column":5}},"type":"if","locations":[{"start":{"line":24,"column":4},"end":{"line":28,"column":5}}]},"3":{"loc":{"start":{"line":24,"column":8},"end":{"line":24,"column":52}},"type":"binary-expr","locations":[{"start":{"line":24,"column":8},"end":{"line":24,"column":13}},{"start":{"line":24,"column":17},"end":{"line":24,"column":52}}]},"4":{"loc":{"start":{"line":12,"column":42},"end":{"line":12,"column":54}},"type":"cond-expr","locations":[{"start":{"line":12,"column":51},"end":{"line":12,"column":54}},{"start":{"line":12,"column":51},"end":{"line":12,"column":54}}]},"5":{"loc":{"start":{"line":12,"column":42},"end":{"line":12,"column":51}},"type":"binary-expr","locations":[{"start":{"line":12,"column":42},"end":{"line":12,"column":54}},{"start":{"line":12,"column":42},"end":{"line":12,"column":51}}]}},"s":{"0":0,"1":0,"2":0,"3":0,"4":0,"5":0,"6":0,"7":0,"8":0,"9":0,"10":0,"11":0,"12":0,"13":0},"f":{"0":0,"1":0},"b":{"0":[0],"1":[0,0],"2":[0],"3":[0,0],"4":[0,0],"5":[0,0]}}
,"C:\\Users\\Crist\\Desktop\\ProyectoCedent\\cendent-backend\\src\\common\\codigo-lote.util.ts": {"path":"C:\\Users\\Crist\\Desktop\\ProyectoCedent\\cendent-backend\\src\\common\\codigo-lote.util.ts","statementMap":{"0":{"start":{"line":1,"column":0},"end":{"line":1,"column":16}},"1":{"start":{"line":5,"column":18},"end":{"line":5,"column":79}},"2":{"start":{"line":6,"column":15},"end":{"line":6,"column":39}},"3":{"start":{"line":7,"column":2},"end":{"line":7,"column":72}}},"fnMap":{"0":{"name":"generarCodigoLote","decl":{"start":{"line":1,"column":16},"end":{"line":1,"column":33}},"loc":{"start":{"line":3,"column":20},"end":{"line":8,"column":1}}}},"branchMap":{"0":{"loc":{"start":{"line":5,"column":19},"end":{"line":5,"column":37}},"type":"binary-expr","locations":[{"start":{"line":5,"column":19},"end":{"line":5,"column":31}},{"start":{"line":5,"column":35},"end":{"line":5,"column":37}}]}},"s":{"0":0,"1":0,"2":0,"3":0},"f":{"0":0},"b":{"0":[0,0]}}
,"C:\\Users\\Crist\\Desktop\\ProyectoCedent\\cendent-backend\\src\\kits\\kits.controller.ts": {"path":"C:\\Users\\Crist\\Desktop\\ProyectoCedent\\cendent-backend\\src\\kits\\kits.controller.ts","statementMap":{"0":{"start":{"line":1,"column":0},"end":{"line":1,"column":null}},"1":{"start":{"line":14,"column":0},"end":{"line":14,"column":81}},"2":{"start":{"line":15,"column":0},"end":{"line":15,"column":54}},"3":{"start":{"line":16,"column":0},"end":{"line":16,"column":60}},"4":{"start":{"line":17,"column":0},"end":{"line":17,"column":50}},"5":{"start":{"line":18,"column":0},"end":{"line":18,"column":45}},"6":{"start":{"line":24,"column":7},"end":{"line":64,"column":null}},"7":{"start":{"line":25,"column":31},"end":{"line":25,"column":44}},"8":{"start":{"line":31,"column":4},"end":{"line":31,"column":91}},"9":{"start":{"line":31,"column":25},"end":{"line":31,"column":91}},"10":{"start":{"line":32,"column":4},"end":{"line":32,"column":59}},"11":{"start":{"line":38,"column":4},"end":{"line":38,"column":43}},"12":{"start":{"line":44,"column":4},"end":{"line":44,"column":45}},"13":{"start":{"line":50,"column":4},"end":{"line":50,"column":39}},"14":{"start":{"line":56,"column":4},"end":{"line":56,"column":48}},"15":{"start":{"line":62,"column":4},"end":{"line":62,"column":41}},"16":{"start":{"line":24,"column":13},"end":{"line":24,"column":27}},"17":{"start":{"line":30,"column":2},"end":{"line":33,"column":null}},"18":{"start":{"line":37,"column":2},"end":{"line":39,"column":null}},"19":{"start":{"line":43,"column":2},"end":{"line":45,"column":null}},"20":{"start":{"line":49,"column":2},"end":{"line":51,"column":null}},"21":{"start":{"line":55,"column":2},"end":{"line":57,"column":null}},"22":{"start":{"line":61,"column":2},"end":{"line":63,"column":null}},"23":{"start":{"line":24,"column":13},"end":{"line":64,"column":null}}},"fnMap":{"0":{"name":"(anonymous_4)","decl":{"start":{"line":25,"column":2},"end":{"line":25,"column":31}},"loc":{"start":{"line":25,"column":55},"end":{"line":25,"column":59}}},"1":{"name":"(anonymous_5)","decl":{"start":{"line":30,"column":2},"end":{"line":30,"column":17}},"loc":{"start":{"line":30,"column":49},"end":{"line":33,"column":3}}},"2":{"name":"(anonymous_6)","decl":{"start":{"line":37,"column":2},"end":{"line":37,"column":14}},"loc":{"start":{"line":37,"column":14},"end":{"line":39,"column":3}}},"3":{"name":"(anonymous_7)","decl":{"start":{"line":43,"column":2},"end":{"line":43,"column":14}},"loc":{"start":{"line":43,"column":52},"end":{"line":45,"column":3}}},"4":{"name":"(anonymous_8)","decl":{"start":{"line":49,"column":2},"end":{"line":49,"column":7}},"loc":{"start":{"line":49,"column":32},"end":{"line":51,"column":3}}},"5":{"name":"(anonymous_9)","decl":{"start":{"line":55,"column":2},"end":{"line":55,"column":12}},"loc":{"start":{"line":55,"column":81},"end":{"line":57,"column":3}}},"6":{"name":"(anonymous_10)","decl":{"start":{"line":61,"column":2},"end":{"line":61,"column":10}},"loc":{"start":{"line":61,"column":48},"end":{"line":63,"column":3}}}},"branchMap":{"0":{"loc":{"start":{"line":31,"column":4},"end":{"line":31,"column":91}},"type":"if","locations":[{"start":{"line":31,"column":4},"end":{"line":31,"column":91}}]},"1":{"loc":{"start":{"line":49,"column":21},"end":{"line":49,"column":null}},"type":"cond-expr","locations":[{"start":{"line":49,"column":32},"end":{"line":49,"column":null}},{"start":{"line":49,"column":32},"end":{"line":49,"column":null}}]},"2":{"loc":{"start":{"line":49,"column":21},"end":{"line":49,"column":32}},"type":"binary-expr","locations":[{"start":{"line":49,"column":21},"end":{"line":49,"column":null}},{"start":{"line":49,"column":21},"end":{"line":49,"column":32}}]},"3":{"loc":{"start":{"line":55,"column":65},"end":{"line":55,"column":null}},"type":"cond-expr","locations":[{"start":{"line":55,"column":81},"end":{"line":55,"column":null}},{"start":{"line":55,"column":81},"end":{"line":55,"column":null}}]},"4":{"loc":{"start":{"line":55,"column":65},"end":{"line":55,"column":81}},"type":"binary-expr","locations":[{"start":{"line":55,"column":65},"end":{"line":55,"column":null}},{"start":{"line":55,"column":65},"end":{"line":55,"column":81}}]},"5":{"loc":{"start":{"line":25,"column":44},"end":{"line":25,"column":58}},"type":"cond-expr","locations":[{"start":{"line":25,"column":55},"end":{"line":25,"column":58}},{"start":{"line":25,"column":55},"end":{"line":25,"column":58}}]},"6":{"loc":{"start":{"line":25,"column":44},"end":{"line":25,"column":55}},"type":"binary-expr","locations":[{"start":{"line":25,"column":44},"end":{"line":25,"column":58}},{"start":{"line":25,"column":44},"end":{"line":25,"column":55}}]}},"s":{"0":0,"1":0,"2":0,"3":0,"4":0,"5":0,"6":0,"7":0,"8":0,"9":0,"10":0,"11":0,"12":0,"13":0,"14":0,"15":0,"16":0,"17":0,"18":0,"19":0,"20":0,"21":0,"22":0,"23":0},"f":{"0":0,"1":0,"2":0,"3":0,"4":0,"5":0,"6":0},"b":{"0":[0],"1":[0,0],"2":[0,0],"3":[0,0],"4":[0,0],"5":[0,0],"6":[0,0]}}
,"C:\\Users\\Crist\\Desktop\\ProyectoCedent\\cendent-backend\\src\\kits\\kits.module.ts": {"path":"C:\\Users\\Crist\\Desktop\\ProyectoCedent\\cendent-backend\\src\\kits\\kits.module.ts","statementMap":{"0":{"start":{"line":1,"column":0},"end":{"line":1,"column":40}},"1":{"start":{"line":2,"column":0},"end":{"line":2,"column":51}},"2":{"start":{"line":3,"column":0},"end":{"line":3,"column":45}},"3":{"start":{"line":9,"column":7},"end":{"line":9,"column":null}},"4":{"start":{"line":9,"column":13},"end":{"line":9,"column":23}},"5":{"start":{"line":9,"column":13},"end":{"line":9,"column":null}}},"fnMap":{},"branchMap":{},"s":{"0":0,"1":0,"2":0,"3":0,"4":0,"5":0},"f":{},"b":{}}
,"C:\\Users\\Crist\\Desktop\\ProyectoCedent\\cendent-backend\\src\\kits\\kits.service.ts": {"path":"C:\\Users\\Crist\\Desktop\\ProyectoCedent\\cendent-backend\\src\\kits\\kits.service.ts","statementMap":{"0":{"start":{"line":1,"column":0},"end":{"line":1,"column":84}},"1":{"start":{"line":2,"column":0},"end":{"line":2,"column":57}},"2":{"start":{"line":7,"column":7},"end":{"line":116,"column":null}},"3":{"start":{"line":8,"column":31},"end":{"line":8,"column":39}},"4":{"start":{"line":11,"column":4},"end":{"line":17,"column":7}},"5":{"start":{"line":21,"column":4},"end":{"line":29,"column":7}},"6":{"start":{"line":33,"column":16},"end":{"line":40,"column":6}},"7":{"start":{"line":41,"column":4},"end":{"line":41,"column":79}},"8":{"start":{"line":41,"column":14},"end":{"line":41,"column":79}},"9":{"start":{"line":42,"column":4},"end":{"line":42,"column":15}},"10":{"start":{"line":46,"column":4},"end":{"line":52,"column":5}},"11":{"start":{"line":47,"column":6},"end":{"line":51,"column":7}},"12":{"start":{"line":48,"column":8},"end":{"line":50,"column":10}},"13":{"start":{"line":54,"column":4},"end":{"line":72,"column":7}},"14":{"start":{"line":55,"column":18},"end":{"line":57,"column":8}},"15":{"start":{"line":59,"column":6},"end":{"line":66,"column":9}},"16":{"start":{"line":60,"column":41},"end":{"line":65,"column":10}},"17":{"start":{"line":68,"column":6},"end":{"line":71,"column":9}},"18":{"start":{"line":76,"column":4},"end":{"line":76,"column":35}},"19":{"start":{"line":78,"column":4},"end":{"line":109,"column":7}},"20":{"start":{"line":79,"column":6},"end":{"line":96,"column":7}},"21":{"start":{"line":80,"column":8},"end":{"line":86,"column":9}},"22":{"start":{"line":81,"column":10},"end":{"line":85,"column":11}},"23":{"start":{"line":82,"column":12},"end":{"line":84,"column":14}},"24":{"start":{"line":87,"column":8},"end":{"line":87,"column":70}},"25":{"start":{"line":88,"column":8},"end":{"line":95,"column":11}},"26":{"start":{"line":89,"column":43},"end":{"line":94,"column":12}},"27":{"start":{"line":98,"column":6},"end":{"line":103,"column":7}},"28":{"start":{"line":99,"column":8},"end":{"line":102,"column":11}},"29":{"start":{"line":105,"column":6},"end":{"line":108,"column":9}},"30":{"start":{"line":113,"column":4},"end":{"line":113,"column":35}},"31":{"start":{"line":114,"column":4},"end":{"line":114,"column":65}},"32":{"start":{"line":7,"column":13},"end":{"line":7,"column":24}},"33":{"start":{"line":7,"column":13},"end":{"line":116,"column":null}}},"fnMap":{"0":{"name":"(anonymous_2)","decl":{"start":{"line":8,"column":2},"end":{"line":8,"column":31}},"loc":{"start":{"line":8,"column":52},"end":{"line":8,"column":56}}},"1":{"name":"(anonymous_3)","decl":{"start":{"line":10,"column":2},"end":{"line":10,"column":14}},"loc":{"start":{"line":10,"column":14},"end":{"line":18,"column":3}}},"2":{"name":"(anonymous_4)","decl":{"start":{"line":20,"column":2},"end":{"line":20,"column":17}},"loc":{"start":{"line":20,"column":32},"end":{"line":30,"column":3}}},"3":{"name":"(anonymous_5)","decl":{"start":{"line":32,"column":2},"end":{"line":32,"column":7}},"loc":{"start":{"line":32,"column":34},"end":{"line":43,"column":3}}},"4":{"name":"(anonymous_6)","decl":{"start":{"line":45,"column":2},"end":{"line":45,"column":7}},"loc":{"start":{"line":45,"column":30},"end":{"line":73,"column":3}}},"5":{"name":"(anonymous_7)","decl":{"start":{"line":54,"column":36},"end":{"line":54,"column":41}},"loc":{"start":{"line":54,"column":49},"end":{"line":72,"column":5}}},"6":{"name":"(anonymous_8)","decl":{"start":{"line":60,"column":30},"end":{"line":60,"column":31}},"loc":{"start":{"line":60,"column":41},"end":{"line":65,"column":10}}},"7":{"name":"(anonymous_9)","decl":{"start":{"line":75,"column":2},"end":{"line":75,"column":7}},"loc":{"start":{"line":75,"column":55},"end":{"line":110,"column":3}}},"8":{"name":"(anonymous_10)","decl":{"start":{"line":78,"column":36},"end":{"line":78,"column":41}},"loc":{"start":{"line":78,"column":49},"end":{"line":109,"column":5}}},"9":{"name":"(anonymous_11)","decl":{"start":{"line":89,"column":32},"end":{"line":89,"column":33}},"loc":{"start":{"line":89,"column":43},"end":{"line":94,"column":12}}},"10":{"name":"(anonymous_12)","decl":{"start":{"line":112,"column":2},"end":{"line":112,"column":7}},"loc":{"start":{"line":112,"column":30},"end":{"line":115,"column":3}}}},"branchMap":{"0":{"loc":{"start":{"line":41,"column":4},"end":{"line":41,"column":79}},"type":"if","locations":[{"start":{"line":41,"column":4},"end":{"line":41,"column":79}}]},"1":{"loc":{"start":{"line":47,"column":6},"end":{"line":51,"column":7}},"type":"if","locations":[{"start":{"line":47,"column":6},"end":{"line":51,"column":7}}]},"2":{"loc":{"start":{"line":47,"column":10},"end":{"line":47,"column":92}},"type":"binary-expr","locations":[{"start":{"line":47,"column":10},"end":{"line":47,"column":27}},{"start":{"line":47,"column":32},"end":{"line":47,"column":57}},{"start":{"line":47,"column":61},"end":{"line":47,"column":91}}]},"3":{"loc":{"start":{"line":62,"column":23},"end":{"line":62,"column":47}},"type":"binary-expr","locations":[{"start":{"line":62,"column":23},"end":{"line":62,"column":39}},{"start":{"line":62,"column":43},"end":{"line":62,"column":47}}]},"4":{"loc":{"start":{"line":64,"column":23},"end":{"line":64,"column":48}},"type":"binary-expr","locations":[{"start":{"line":64,"column":23},"end":{"line":64,"column":39}},{"start":{"line":64,"column":43},"end":{"line":64,"column":48}}]},"5":{"loc":{"start":{"line":79,"column":6},"end":{"line":96,"column":7}},"type":"if","locations":[{"start":{"line":79,"column":6},"end":{"line":96,"column":7}}]},"6":{"loc":{"start":{"line":81,"column":10},"end":{"line":85,"column":11}},"type":"if","locations":[{"start":{"line":81,"column":10},"end":{"line":85,"column":11}}]},"7":{"loc":{"start":{"line":81,"column":14},"end":{"line":81,"column":96}},"type":"binary-expr","locations":[{"start":{"line":81,"column":14},"end":{"line":81,"column":31}},{"start":{"line":81,"column":36},"end":{"line":81,"column":61}},{"start":{"line":81,"column":65},"end":{"line":81,"column":95}}]},"8":{"loc":{"start":{"line":91,"column":25},"end":{"line":91,"column":49}},"type":"binary-expr","locations":[{"start":{"line":91,"column":25},"end":{"line":91,"column":41}},{"start":{"line":91,"column":45},"end":{"line":91,"column":49}}]},"9":{"loc":{"start":{"line":93,"column":25},"end":{"line":93,"column":50}},"type":"binary-expr","locations":[{"start":{"line":93,"column":25},"end":{"line":93,"column":41}},{"start":{"line":93,"column":45},"end":{"line":93,"column":50}}]},"10":{"loc":{"start":{"line":98,"column":6},"end":{"line":103,"column":7}},"type":"if","locations":[{"start":{"line":98,"column":6},"end":{"line":103,"column":7}}]},"11":{"loc":{"start":{"line":8,"column":39},"end":{"line":8,"column":55}},"type":"cond-expr","locations":[{"start":{"line":8,"column":52},"end":{"line":8,"column":55}},{"start":{"line":8,"column":52},"end":{"line":8,"column":55}}]},"12":{"loc":{"start":{"line":8,"column":39},"end":{"line":8,"column":52}},"type":"binary-expr","locations":[{"start":{"line":8,"column":39},"end":{"line":8,"column":55}},{"start":{"line":8,"column":39},"end":{"line":8,"column":52}}]}},"s":{"0":0,"1":0,"2":0,"3":0,"4":0,"5":0,"6":0,"7":0,"8":0,"9":0,"10":0,"11":0,"12":0,"13":0,"14":0,"15":0,"16":0,"17":0,"18":0,"19":0,"20":0,"21":0,"22":0,"23":0,"24":0,"25":0,"26":0,"27":0,"28":0,"29":0,"30":0,"31":0,"32":0,"33":0},"f":{"0":0,"1":0,"2":0,"3":0,"4":0,"5":0,"6":0,"7":0,"8":0,"9":0,"10":0},"b":{"0":[0],"1":[0],"2":[0,0,0],"3":[0,0],"4":[0,0],"5":[0],"6":[0],"7":[0,0,0],"8":[0,0],"9":[0,0],"10":[0],"11":[0,0],"12":[0,0]}}
,"C:\\Users\\Crist\\Desktop\\ProyectoCedent\\cendent-backend\\src\\kits\\dto\\actualizar-kit.dto.ts": {"path":"C:\\Users\\Crist\\Desktop\\ProyectoCedent\\cendent-backend\\src\\kits\\dto\\actualizar-kit.dto.ts","statementMap":{"0":{"start":{"line":1,"column":0},"end":{"line":1,"column":54}},"1":{"start":{"line":2,"column":0},"end":{"line":2,"column":41}},"2":{"start":{"line":3,"column":0},"end":{"line":3,"column":null}},"3":{"start":{"line":10,"column":0},"end":{"line":10,"column":48}},"4":{"start":{"line":12,"column":0},"end":{"line":12,"column":13}},"5":{"start":{"line":17,"column":2},"end":{"line":17,"column":null}},"6":{"start":{"line":24,"column":2},"end":{"line":24,"column":null}},"7":{"start":{"line":23,"column":14},"end":{"line":23,"column":27}}},"fnMap":{"0":{"name":"(anonymous_2)","decl":{"start":{"line":23,"column":8},"end":{"line":23,"column":11}},"loc":{"start":{"line":23,"column":14},"end":{"line":23,"column":27}}}},"branchMap":{},"s":{"0":0,"1":0,"2":0,"3":0,"4":0,"5":0,"6":0,"7":0},"f":{"0":0},"b":{}}
,"C:\\Users\\Crist\\Desktop\\ProyectoCedent\\cendent-backend\\src\\kits\\dto\\crear-kit.dto.ts": {"path":"C:\\Users\\Crist\\Desktop\\ProyectoCedent\\cendent-backend\\src\\kits\\dto\\crear-kit.dto.ts","statementMap":{"0":{"start":{"line":1,"column":0},"end":{"line":1,"column":67}},"1":{"start":{"line":2,"column":0},"end":{"line":2,"column":41}},"2":{"start":{"line":3,"column":0},"end":{"line":3,"column":null}},"3":{"start":{"line":14,"column":0},"end":{"line":14,"column":13}},"4":{"start":{"line":23,"column":2},"end":{"line":23,"column":null}},"5":{"start":{"line":27,"column":2},"end":{"line":27,"column":null}},"6":{"start":{"line":35,"column":2},"end":{"line":35,"column":null}},"7":{"start":{"line":38,"column":0},"end":{"line":38,"column":13}},"8":{"start":{"line":42,"column":2},"end":{"line":42,"column":null}},"9":{"start":{"line":48,"column":2},"end":{"line":48,"column":null}},"10":{"start":{"line":47,"column":14},"end":{"line":47,"column":27}}},"fnMap":{"0":{"name":"(anonymous_2)","decl":{"start":{"line":47,"column":8},"end":{"line":47,"column":11}},"loc":{"start":{"line":47,"column":14},"end":{"line":47,"column":27}}}},"branchMap":{},"s":{"0":0,"1":0,"2":0,"3":0,"4":0,"5":0,"6":0,"7":0,"8":0,"9":0,"10":0},"f":{"0":0},"b":{}}
,"C:\\Users\\Crist\\Desktop\\ProyectoCedent\\cendent-backend\\src\\lotes\\lotes.controller.ts": {"path":"C:\\Users\\Crist\\Desktop\\ProyectoCedent\\cendent-backend\\src\\lotes\\lotes.controller.ts","statementMap":{"0":{"start":{"line":1,"column":0},"end":{"line":1,"column":null}},"1":{"start":{"line":12,"column":0},"end":{"line":12,"column":71}},"2":{"start":{"line":13,"column":0},"end":{"line":13,"column":59}},"3":{"start":{"line":14,"column":0},"end":{"line":14,"column":56}},"4":{"start":{"line":15,"column":0},"end":{"line":15,"column":54}},"5":{"start":{"line":16,"column":0},"end":{"line":16,"column":62}},"6":{"start":{"line":17,"column":0},"end":{"line":17,"column":52}},"7":{"start":{"line":18,"column":0},"end":{"line":18,"column":47}},"8":{"start":{"line":24,"column":7},"end":{"line":57,"column":null}},"9":{"start":{"line":25,"column":31},"end":{"line":25,"column":45}},"10":{"start":{"line":30,"column":4},"end":{"line":30,"column":70}},"11":{"start":{"line":36,"column":4},"end":{"line":36,"column":60}},"12":{"start":{"line":44,"column":4},"end":{"line":44,"column":65}},"13":{"start":{"line":55,"column":4},"end":{"line":55,"column":49}},"14":{"start":{"line":24,"column":13},"end":{"line":24,"column":28}},"15":{"start":{"line":29,"column":2},"end":{"line":31,"column":null}},"16":{"start":{"line":35,"column":2},"end":{"line":37,"column":null}},"17":{"start":{"line":43,"column":2},"end":{"line":45,"column":null}},"18":{"start":{"line":51,"column":2},"end":{"line":56,"column":null}},"19":{"start":{"line":24,"column":13},"end":{"line":57,"column":null}}},"fnMap":{"0":{"name":"(anonymous_4)","decl":{"start":{"line":25,"column":2},"end":{"line":25,"column":31}},"loc":{"start":{"line":25,"column":57},"end":{"line":25,"column":61}}},"1":{"name":"(anonymous_5)","decl":{"start":{"line":29,"column":2},"end":{"line":29,"column":15}},"loc":{"start":{"line":29,"column":58},"end":{"line":31,"column":3}}},"2":{"name":"(anonymous_6)","decl":{"start":{"line":35,"column":2},"end":{"line":35,"column":20}},"loc":{"start":{"line":35,"column":75},"end":{"line":37,"column":3}}},"3":{"name":"(anonymous_7)","decl":{"start":{"line":43,"column":2},"end":{"line":43,"column":11}},"loc":{"start":{"line":43,"column":66},"end":{"line":45,"column":3}}},"4":{"name":"(anonymous_8)","decl":{"start":{"line":51,"column":2},"end":{"line":51,"column":12}},"loc":{"start":{"line":53,"column":34},"end":{"line":56,"column":3}}}},"branchMap":{"0":{"loc":{"start":{"line":29,"column":29},"end":{"line":29,"column":44}},"type":"cond-expr","locations":[{"start":{"line":29,"column":41},"end":{"line":29,"column":44}},{"start":{"line":29,"column":41},"end":{"line":29,"column":44}}]},"1":{"loc":{"start":{"line":29,"column":29},"end":{"line":29,"column":41}},"type":"binary-expr","locations":[{"start":{"line":29,"column":29},"end":{"line":29,"column":44}},{"start":{"line":29,"column":29},"end":{"line":29,"column":41}}]},"2":{"loc":{"start":{"line":53,"column":17},"end":{"line":53,"column":null}},"type":"cond-expr","locations":[{"start":{"line":53,"column":34},"end":{"line":53,"column":null}},{"start":{"line":53,"column":34},"end":{"line":53,"column":null}}]},"3":{"loc":{"start":{"line":53,"column":17},"end":{"line":53,"column":34}},"type":"binary-expr","locations":[{"start":{"line":53,"column":17},"end":{"line":53,"column":null}},{"start":{"line":53,"column":17},"end":{"line":53,"column":34}}]},"4":{"loc":{"start":{"line":25,"column":45},"end":{"line":25,"column":60}},"type":"cond-expr","locations":[{"start":{"line":25,"column":57},"end":{"line":25,"column":60}},{"start":{"line":25,"column":57},"end":{"line":25,"column":60}}]},"5":{"loc":{"start":{"line":25,"column":45},"end":{"line":25,"column":57}},"type":"binary-expr","locations":[{"start":{"line":25,"column":45},"end":{"line":25,"column":60}},{"start":{"line":25,"column":45},"end":{"line":25,"column":57}}]}},"s":{"0":0,"1":0,"2":0,"3":0,"4":0,"5":0,"6":0,"7":0,"8":0,"9":0,"10":0,"11":0,"12":0,"13":0,"14":0,"15":0,"16":0,"17":0,"18":0,"19":0},"f":{"0":0,"1":0,"2":0,"3":0,"4":0},"b":{"0":[0,0],"1":[0,0],"2":[0,0],"3":[0,0],"4":[0,0],"5":[0,0]}}
,"C:\\Users\\Crist\\Desktop\\ProyectoCedent\\cendent-backend\\src\\lotes\\lotes.module.ts": {"path":"C:\\Users\\Crist\\Desktop\\ProyectoCedent\\cendent-backend\\src\\lotes\\lotes.module.ts","statementMap":{"0":{"start":{"line":1,"column":0},"end":{"line":1,"column":40}},"1":{"start":{"line":2,"column":0},"end":{"line":2,"column":53}},"2":{"start":{"line":3,"column":0},"end":{"line":3,"column":47}},"3":{"start":{"line":10,"column":7},"end":{"line":10,"column":null}},"4":{"start":{"line":10,"column":13},"end":{"line":10,"column":24}},"5":{"start":{"line":10,"column":13},"end":{"line":10,"column":null}}},"fnMap":{},"branchMap":{},"s":{"0":0,"1":0,"2":0,"3":0,"4":0,"5":0},"f":{},"b":{}}
,"C:\\Users\\Crist\\Desktop\\ProyectoCedent\\cendent-backend\\src\\lotes\\lotes.service.ts": {"path":"C:\\Users\\Crist\\Desktop\\ProyectoCedent\\cendent-backend\\src\\lotes\\lotes.service.ts","statementMap":{"0":{"start":{"line":1,"column":0},"end":{"line":1,"column":102}},"1":{"start":{"line":2,"column":0},"end":{"line":2,"column":63}},"2":{"start":{"line":3,"column":0},"end":{"line":3,"column":57}},"3":{"start":{"line":8,"column":7},"end":{"line":72,"column":null}},"4":{"start":{"line":9,"column":31},"end":{"line":9,"column":39}},"5":{"start":{"line":12,"column":21},"end":{"line":15,"column":6}},"6":{"start":{"line":17,"column":4},"end":{"line":19,"column":5}},"7":{"start":{"line":18,"column":6},"end":{"line":18,"column":86}},"8":{"start":{"line":21,"column":23},"end":{"line":21,"column":85}},"9":{"start":{"line":23,"column":4},"end":{"line":32,"column":7}},"10":{"start":{"line":36,"column":4},"end":{"line":39,"column":7}},"11":{"start":{"line":43,"column":17},"end":{"line":43,"column":83}},"12":{"start":{"line":44,"column":4},"end":{"line":44,"column":82}},"13":{"start":{"line":44,"column":15},"end":{"line":44,"column":82}},"14":{"start":{"line":45,"column":4},"end":{"line":47,"column":5}},"15":{"start":{"line":46,"column":6},"end":{"line":46,"column":81}},"16":{"start":{"line":48,"column":4},"end":{"line":52,"column":5}},"17":{"start":{"line":49,"column":6},"end":{"line":51,"column":8}},"18":{"start":{"line":53,"column":4},"end":{"line":56,"column":7}},"19":{"start":{"line":60,"column":17},"end":{"line":60,"column":83}},"20":{"start":{"line":61,"column":4},"end":{"line":61,"column":82}},"21":{"start":{"line":61,"column":15},"end":{"line":61,"column":82}},"22":{"start":{"line":63,"column":4},"end":{"line":70,"column":7}},"23":{"start":{"line":8,"column":13},"end":{"line":8,"column":25}},"24":{"start":{"line":8,"column":13},"end":{"line":72,"column":null}}},"fnMap":{"0":{"name":"(anonymous_2)","decl":{"start":{"line":9,"column":2},"end":{"line":9,"column":31}},"loc":{"start":{"line":9,"column":52},"end":{"line":9,"column":56}}},"1":{"name":"(anonymous_3)","decl":{"start":{"line":11,"column":2},"end":{"line":11,"column":7}},"loc":{"start":{"line":11,"column":59},"end":{"line":33,"column":3}}},"2":{"name":"(anonymous_4)","decl":{"start":{"line":35,"column":2},"end":{"line":35,"column":20}},"loc":{"start":{"line":35,"column":39},"end":{"line":40,"column":3}}},"3":{"name":"(anonymous_5)","decl":{"start":{"line":42,"column":2},"end":{"line":42,"column":7}},"loc":{"start":{"line":42,"column":52},"end":{"line":57,"column":3}}},"4":{"name":"(anonymous_6)","decl":{"start":{"line":59,"column":2},"end":{"line":59,"column":7}},"loc":{"start":{"line":59,"column":57},"end":{"line":71,"column":3}}}},"branchMap":{"0":{"loc":{"start":{"line":17,"column":4},"end":{"line":19,"column":5}},"type":"if","locations":[{"start":{"line":17,"column":4},"end":{"line":19,"column":5}}]},"1":{"loc":{"start":{"line":30,"column":20},"end":{"line":30,"column":42}},"type":"binary-expr","locations":[{"start":{"line":30,"column":20},"end":{"line":30,"column":34}},{"start":{"line":30,"column":38},"end":{"line":30,"column":42}}]},"2":{"loc":{"start":{"line":44,"column":4},"end":{"line":44,"column":82}},"type":"if","locations":[{"start":{"line":44,"column":4},"end":{"line":44,"column":82}}]},"3":{"loc":{"start":{"line":45,"column":4},"end":{"line":47,"column":5}},"type":"if","locations":[{"start":{"line":45,"column":4},"end":{"line":47,"column":5}}]},"4":{"loc":{"start":{"line":48,"column":4},"end":{"line":52,"column":5}},"type":"if","locations":[{"start":{"line":48,"column":4},"end":{"line":52,"column":5}}]},"5":{"loc":{"start":{"line":61,"column":4},"end":{"line":61,"column":82}},"type":"if","locations":[{"start":{"line":61,"column":4},"end":{"line":61,"column":82}}]},"6":{"loc":{"start":{"line":66,"column":12},"end":{"line":66,"column":80}},"type":"binary-expr","locations":[{"start":{"line":66,"column":12},"end":{"line":66,"column":42}},{"start":{"line":66,"column":46},"end":{"line":66,"column":80}}]},"7":{"loc":{"start":{"line":67,"column":12},"end":{"line":67,"column":74}},"type":"binary-expr","locations":[{"start":{"line":67,"column":12},"end":{"line":67,"column":40}},{"start":{"line":67,"column":44},"end":{"line":67,"column":74}}]},"8":{"loc":{"start":{"line":68,"column":12},"end":{"line":68,"column":84}},"type":"binary-expr","locations":[{"start":{"line":68,"column":12},"end":{"line":68,"column":40}},{"start":{"line":68,"column":44},"end":{"line":68,"column":84}}]},"9":{"loc":{"start":{"line":9,"column":39},"end":{"line":9,"column":55}},"type":"cond-expr","locations":[{"start":{"line":9,"column":52},"end":{"line":9,"column":55}},{"start":{"line":9,"column":52},"end":{"line":9,"column":55}}]},"10":{"loc":{"start":{"line":9,"column":39},"end":{"line":9,"column":52}},"type":"binary-expr","locations":[{"start":{"line":9,"column":39},"end":{"line":9,"column":55}},{"start":{"line":9,"column":39},"end":{"line":9,"column":52}}]}},"s":{"0":0,"1":0,"2":0,"3":0,"4":0,"5":0,"6":0,"7":0,"8":0,"9":0,"10":0,"11":0,"12":0,"13":0,"14":0,"15":0,"16":0,"17":0,"18":0,"19":0,"20":0,"21":0,"22":0,"23":0,"24":0},"f":{"0":0,"1":0,"2":0,"3":0,"4":0},"b":{"0":[0],"1":[0,0],"2":[0],"3":[0],"4":[0],"5":[0],"6":[0,0],"7":[0,0],"8":[0,0],"9":[0,0],"10":[0,0]}}
,"C:\\Users\\Crist\\Desktop\\ProyectoCedent\\cendent-backend\\src\\lotes\\dto\\actualizar-lote.dto.ts": {"path":"C:\\Users\\Crist\\Desktop\\ProyectoCedent\\cendent-backend\\src\\lotes\\dto\\actualizar-lote.dto.ts","statementMap":{"0":{"start":{"line":1,"column":0},"end":{"line":1,"column":54}},"1":{"start":{"line":2,"column":0},"end":{"line":2,"column":74}},"2":{"start":{"line":4,"column":0},"end":{"line":4,"column":13}},"3":{"start":{"line":9,"column":2},"end":{"line":9,"column":null}},"4":{"start":{"line":15,"column":2},"end":{"line":15,"column":null}},"5":{"start":{"line":20,"column":2},"end":{"line":20,"column":null}}},"fnMap":{},"branchMap":{},"s":{"0":0,"1":0,"2":0,"3":0,"4":0,"5":0},"f":{},"b":{}}
,"C:\\Users\\Crist\\Desktop\\ProyectoCedent\\cendent-backend\\src\\lotes\\dto\\crear-lote.dto.ts": {"path":"C:\\Users\\Crist\\Desktop\\ProyectoCedent\\cendent-backend\\src\\lotes\\dto\\crear-lote.dto.ts","statementMap":{"0":{"start":{"line":1,"column":0},"end":{"line":1,"column":67}},"1":{"start":{"line":2,"column":0},"end":{"line":2,"column":41}},"2":{"start":{"line":3,"column":0},"end":{"line":3,"column":null}},"3":{"start":{"line":11,"column":0},"end":{"line":11,"column":13}},"4":{"start":{"line":15,"column":2},"end":{"line":15,"column":null}},"5":{"start":{"line":14,"column":14},"end":{"line":14,"column":20}},"6":{"start":{"line":21,"column":2},"end":{"line":21,"column":null}},"7":{"start":{"line":20,"column":14},"end":{"line":20,"column":20}},"8":{"start":{"line":25,"column":2},"end":{"line":25,"column":null}},"9":{"start":{"line":32,"column":2},"end":{"line":32,"column":null}},"10":{"start":{"line":31,"column":14},"end":{"line":31,"column":20}}},"fnMap":{"0":{"name":"(anonymous_2)","decl":{"start":{"line":14,"column":8},"end":{"line":14,"column":11}},"loc":{"start":{"line":14,"column":14},"end":{"line":14,"column":20}}},"1":{"name":"(anonymous_3)","decl":{"start":{"line":20,"column":8},"end":{"line":20,"column":11}},"loc":{"start":{"line":20,"column":14},"end":{"line":20,"column":20}}},"2":{"name":"(anonymous_4)","decl":{"start":{"line":31,"column":8},"end":{"line":31,"column":11}},"loc":{"start":{"line":31,"column":14},"end":{"line":31,"column":20}}}},"branchMap":{},"s":{"0":0,"1":0,"2":0,"3":0,"4":0,"5":0,"6":0,"7":0,"8":0,"9":0,"10":0},"f":{"0":0,"1":0,"2":0},"b":{}}
,"C:\\Users\\Crist\\Desktop\\ProyectoCedent\\cendent-backend\\src\\movimientos\\movimientos.controller.ts": {"path":"C:\\Users\\Crist\\Desktop\\ProyectoCedent\\cendent-backend\\src\\movimientos\\movimientos.controller.ts","statementMap":{"0":{"start":{"line":1,"column":0},"end":{"line":1,"column":null}},"1":{"start":{"line":10,"column":0},"end":{"line":10,"column":81}},"2":{"start":{"line":11,"column":0},"end":{"line":11,"column":54}},"3":{"start":{"line":12,"column":0},"end":{"line":12,"column":66}},"4":{"start":{"line":13,"column":0},"end":{"line":13,"column":58}},"5":{"start":{"line":14,"column":0},"end":{"line":14,"column":59}},"6":{"start":{"line":20,"column":7},"end":{"line":57,"column":null}},"7":{"start":{"line":21,"column":31},"end":{"line":21,"column":51}},"8":{"start":{"line":31,"column":21},"end":{"line":31,"column":70}},"9":{"start":{"line":32,"column":21},"end":{"line":32,"column":70}},"10":{"start":{"line":33,"column":4},"end":{"line":33,"column":68}},"11":{"start":{"line":39,"column":4},"end":{"line":44,"column":6}},"12":{"start":{"line":50,"column":4},"end":{"line":55,"column":6}},"13":{"start":{"line":20,"column":13},"end":{"line":20,"column":34}},"14":{"start":{"line":27,"column":2},"end":{"line":34,"column":null}},"15":{"start":{"line":38,"column":2},"end":{"line":45,"column":null}},"16":{"start":{"line":49,"column":2},"end":{"line":56,"column":null}},"17":{"start":{"line":20,"column":13},"end":{"line":57,"column":null}}},"fnMap":{"0":{"name":"(anonymous_4)","decl":{"start":{"line":21,"column":2},"end":{"line":21,"column":31}},"loc":{"start":{"line":21,"column":69},"end":{"line":21,"column":73}}},"1":{"name":"(anonymous_5)","decl":{"start":{"line":27,"column":2},"end":{"line":27,"column":14}},"loc":{"start":{"line":29,"column":45},"end":{"line":34,"column":3}}},"2":{"name":"(anonymous_6)","decl":{"start":{"line":38,"column":2},"end":{"line":38,"column":14}},"loc":{"start":{"line":38,"column":60},"end":{"line":45,"column":3}}},"3":{"name":"(anonymous_7)","decl":{"start":{"line":49,"column":2},"end":{"line":49,"column":18}},"loc":{"start":{"line":49,"column":68},"end":{"line":56,"column":3}}}},"branchMap":{"0":{"loc":{"start":{"line":31,"column":21},"end":{"line":31,"column":70}},"type":"cond-expr","locations":[{"start":{"line":31,"column":34},"end":{"line":31,"column":58}},{"start":{"line":31,"column":61},"end":{"line":31,"column":70}}]},"1":{"loc":{"start":{"line":32,"column":21},"end":{"line":32,"column":70}},"type":"cond-expr","locations":[{"start":{"line":32,"column":34},"end":{"line":32,"column":58}},{"start":{"line":32,"column":61},"end":{"line":32,"column":70}}]},"2":{"loc":{"start":{"line":43,"column":6},"end":{"line":43,"column":29}},"type":"binary-expr","locations":[{"start":{"line":43,"column":6},"end":{"line":43,"column":23}},{"start":{"line":43,"column":27},"end":{"line":43,"column":29}}]},"3":{"loc":{"start":{"line":38,"column":28},"end":{"line":38,"column":46}},"type":"cond-expr","locations":[{"start":{"line":38,"column":43},"end":{"line":38,"column":46}},{"start":{"line":38,"column":43},"end":{"line":38,"column":46}}]},"4":{"loc":{"start":{"line":38,"column":28},"end":{"line":38,"column":43}},"type":"binary-expr","locations":[{"start":{"line":38,"column":28},"end":{"line":38,"column":46}},{"start":{"line":38,"column":28},"end":{"line":38,"column":43}}]},"5":{"loc":{"start":{"line":49,"column":32},"end":{"line":49,"column":54}},"type":"cond-expr","locations":[{"start":{"line":49,"column":51},"end":{"line":49,"column":54}},{"start":{"line":49,"column":51},"end":{"line":49,"column":54}}]},"6":{"loc":{"start":{"line":49,"column":32},"end":{"line":49,"column":51}},"type":"binary-expr","locations":[{"start":{"line":49,"column":32},"end":{"line":49,"column":54}},{"start":{"line":49,"column":32},"end":{"line":49,"column":51}}]},"7":{"loc":{"start":{"line":21,"column":51},"end":{"line":21,"column":72}},"type":"cond-expr","locations":[{"start":{"line":21,"column":69},"end":{"line":21,"column":72}},{"start":{"line":21,"column":69},"end":{"line":21,"column":72}}]},"8":{"loc":{"start":{"line":21,"column":51},"end":{"line":21,"column":69}},"type":"binary-expr","locations":[{"start":{"line":21,"column":51},"end":{"line":21,"column":72}},{"start":{"line":21,"column":51},"end":{"line":21,"column":69}}]}},"s":{"0":0,"1":0,"2":0,"3":0,"4":0,"5":0,"6":0,"7":0,"8":0,"9":0,"10":0,"11":0,"12":0,"13":0,"14":0,"15":0,"16":0,"17":0},"f":{"0":0,"1":0,"2":0,"3":0},"b":{"0":[0,0],"1":[0,0],"2":[0,0],"3":[0,0],"4":[0,0],"5":[0,0],"6":[0,0],"7":[0,0],"8":[0,0]}}
[...]
33},"end":{"line":39,"column":3}}},"3":{"name":"(anonymous_5)","decl":{"start":{"line":41,"column":2},"end":{"line":41,"column":7}},"loc":{"start":{"line":41,"column":44},"end":{"line":55,"column":3}}},"4":{"name":"(anonymous_6)","decl":{"start":{"line":57,"column":2},"end":{"line":57,"column":7}},"loc":{"start":{"line":60,"column":26},"end":{"line":183,"column":3}}},"5":{"name":"(anonymous_7)","decl":{"start":{"line":62,"column":36},"end":{"line":62,"column":41}},"loc":{"start":{"line":62,"column":49},"end":{"line":182,"column":5}}},"6":{"name":"(anonymous_8)","decl":{"start":{"line":113,"column":10},"end":{"line":113,"column":11}},"loc":{"start":{"line":113,"column":23},"end":{"line":113,"column":52}}},"7":{"name":"(anonymous_9)","decl":{"start":{"line":185,"column":2},"end":{"line":185,"column":7}},"loc":{"start":{"line":185,"column":53},"end":{"line":210,"column":3}}},"8":{"name":"(anonymous_10)","decl":{"start":{"line":197,"column":36},"end":{"line":197,"column":41}},"loc":{"start":{"line":197,"column":49},"end":{"line":209,"column":5}}},"9":{"name":"(anonymous_11)","decl":{"start":{"line":212,"column":2},"end":{"line":212,"column":7}},"loc":{"start":{"line":212,"column":82},"end":{"line":303,"column":3}}},"10":{"name":"(anonymous_12)","decl":{"start":{"line":213,"column":36},"end":{"line":213,"column":41}},"loc":{"start":{"line":213,"column":49},"end":{"line":302,"column":5}}}},"branchMap":{"0":{"loc":{"start":{"line":52,"column":4},"end":{"line":53,"column":91}},"type":"if","locations":[{"start":{"line":52,"column":4},"end":{"line":53,"column":91}}]},"1":{"loc":{"start":{"line":70,"column":6},"end":{"line":74,"column":7}},"type":"if","locations":[{"start":{"line":70,"column":6},"end":{"line":74,"column":7}}]},"2":{"loc":{"start":{"line":78,"column":6},"end":{"line":80,"column":7}},"type":"if","locations":[{"start":{"line":78,"column":6},"end":{"line":80,"column":7}}]},"3":{"loc":{"start":{"line":95,"column":8},"end":{"line":99,"column":9}},"type":"if","locations":[{"start":{"line":95,"column":8},"end":{"line":99,"column":9}}]},"4":{"loc":{"start":{"line":117,"column":8},"end":{"line":122,"column":9}},"type":"if","locations":[{"start":{"line":117,"column":8},"end":{"line":122,"column":9}}]},"5":{"loc":{"start":{"line":129,"column":10},"end":{"line":129,"column":35}},"type":"if","locations":[{"start":{"line":129,"column":10},"end":{"line":129,"column":35}}]},"6":{"loc":{"start":{"line":190,"column":4},"end":{"line":191,"column":84}},"type":"if","locations":[{"start":{"line":190,"column":4},"end":{"line":191,"column":84}}]},"7":{"loc":{"start":{"line":192,"column":4},"end":{"line":195,"column":8}},"type":"if","locations":[{"start":{"line":192,"column":4},"end":{"line":195,"column":8}}]},"8":{"loc":{"start":{"line":199,"column":8},"end":{"line":199,"column":42}},"type":"if","locations":[{"start":{"line":199,"column":8},"end":{"line":199,"column":42}}]},"9":{"loc":{"start":{"line":222,"column":6},"end":{"line":226,"column":7}},"type":"if","locations":[{"start":{"line":222,"column":6},"end":{"line":226,"column":7}}]},"10":{"loc":{"start":{"line":228,"column":6},"end":{"line":232,"column":7}},"type":"if","locations":[{"start":{"line":228,"column":6},"end":{"line":232,"column":7}}]},"11":{"loc":{"start":{"line":249,"column":8},"end":{"line":249,"column":36}},"type":"if","locations":[{"start":{"line":249,"column":8},"end":{"line":249,"column":36}}]},"12":{"loc":{"start":{"line":264,"column":8},"end":{"line":282,"column":9}},"type":"if","locations":[{"start":{"line":264,"column":8},"end":{"line":282,"column":9}},{"start":{"line":270,"column":15},"end":{"line":282,"column":9}}]},"13":{"loc":{"start":{"line":278,"column":26},"end":{"line":278,"column":90}},"type":"cond-expr","locations":[{"start":{"line":278,"column":52},"end":{"line":278,"column":83}},{"start":{"line":278,"column":86},"end":{"line":278,"column":90}}]},"14":{"loc":{"start":{"line":20,"column":39},"end":{"line":20,"column":55}},"type":"cond-expr","locations":[{"start":{"line":20,"column":52},"end":{"line":20,"column":55}},{"start":{"line":20,"column":52},"end":{"line":20,"column":55}}]},"15":{"loc":{"start":{"line":20,"column":39},"end":{"line":20,"column":52}},"type":"binary-expr","locations":[{"start":{"line":20,"column":39},"end":{"line":20,"column":55}},{"start":{"line":20,"column":39},"end":{"line":20,"column":52}}]}},"s":{"0":0,"1":0,"2":0,"3":0,"4":0,"5":0,"6":0,"7":0,"8":0,"9":0,"10":0,"11":0,"12":0,"13":0,"14":0,"15":0,"16":0,"17":0,"18":0,"19":0,"20":0,"21":0,"22":0,"23":0,"24":0,"25":0,"26":0,"27":0,"28":0,"29":0,"30":0,"31":0,"32":0,"33":0,"34":0,"35":0,"36":0,"37":0,"38":0,"39":0,"40":0,"41":0,"42":0,"43":0,"44":0,"45":0,"46":0,"47":0,"48":0,"49":0,"50":0,"51":0,"52":0,"53":0,"54":0,"55":0,"56":0,"57":0,"58":0,"59":0,"60":0,"61":0,"62":0,"63":0,"64":0,"65":0,"66":0,"67":0,"68":0,"69":0,"70":0,"71":0,"72":0,"73":0,"74":0,"75":0,"76":0,"77":0,"78":0,"79":0},"f":{"0":0,"1":0,"2":0,"3":0,"4":0,"5":0,"6":0,"7":0,"8":0,"9":0,"10":0},"b":{"0":[0],"1":[0],"2":[0],"3":[0],"4":[0],"5":[0],"6":[0],"7":[0],"8":[0],"9":[0],"10":[0],"11":[0],"12":[0,0],"13":[0,0],"14":[0,0],"15":[0,0]}}
,"C:\\Users\\Crist\\Desktop\\ProyectoCedent\\cendent-backend\\src\\transferencias\\dto\\enviar-transferencia.dto.ts": {"path":"C:\\Users\\Crist\\Desktop\\ProyectoCedent\\cendent-backend\\src\\transferencias\\dto\\enviar-transferencia.dto.ts","statementMap":{"0":{"start":{"line":1,"column":0},"end":{"line":1,"column":46}},"1":{"start":{"line":2,"column":0},"end":{"line":2,"column":41}},"2":{"start":{"line":3,"column":0},"end":{"line":3,"column":null}},"3":{"start":{"line":12,"column":0},"end":{"line":12,"column":13}},"4":{"start":{"line":16,"column":2},"end":{"line":16,"column":null}},"5":{"start":{"line":21,"column":2},"end":{"line":21,"column":null}},"6":{"start":{"line":24,"column":0},"end":{"line":24,"column":13}},"7":{"start":{"line":28,"column":2},"end":{"line":28,"column":null}},"8":{"start":{"line":34,"column":2},"end":{"line":34,"column":null}},"9":{"start":{"line":33,"column":14},"end":{"line":33,"column":42}}},"fnMap":{"0":{"name":"(anonymous_2)","decl":{"start":{"line":33,"column":8},"end":{"line":33,"column":11}},"loc":{"start":{"line":33,"column":14},"end":{"line":33,"column":42}}}},"branchMap":{},"s":{"0":0,"1":0,"2":0,"3":0,"4":0,"5":0,"6":0,"7":0,"8":0,"9":0},"f":{"0":0},"b":{}}
,"C:\\Users\\Crist\\Desktop\\ProyectoCedent\\cendent-backend\\src\\transferencias\\dto\\recibir-transferencia.dto.ts": {"path":"C:\\Users\\Crist\\Desktop\\ProyectoCedent\\cendent-backend\\src\\transferencias\\dto\\recibir-transferencia.dto.ts","statementMap":{"0":{"start":{"line":1,"column":0},"end":{"line":1,"column":46}},"1":{"start":{"line":2,"column":0},"end":{"line":2,"column":52}},"2":{"start":{"line":4,"column":0},"end":{"line":4,"column":13}},"3":{"start":{"line":13,"column":2},"end":{"line":13,"column":null}}},"fnMap":{},"branchMap":{},"s":{"0":0,"1":0,"2":0,"3":0},"f":{},"b":{}}
,"C:\\Users\\Crist\\Desktop\\ProyectoCedent\\cendent-backend\\src\\usuarios\\usuarios.controller.ts": {"path":"C:\\Users\\Crist\\Desktop\\ProyectoCedent\\cendent-backend\\src\\usuarios\\usuarios.controller.ts","statementMap":{"0":{"start":{"line":1,"column":0},"end":{"line":1,"column":null}},"1":{"start":{"line":12,"column":0},"end":{"line":12,"column":71}},"2":{"start":{"line":13,"column":0},"end":{"line":13,"column":59}},"3":{"start":{"line":14,"column":0},"end":{"line":14,"column":56}},"4":{"start":{"line":15,"column":0},"end":{"line":15,"column":54}},"5":{"start":{"line":16,"column":0},"end":{"line":16,"column":58}},"6":{"start":{"line":17,"column":0},"end":{"line":17,"column":60}},"7":{"start":{"line":18,"column":0},"end":{"line":18,"column":53}},"8":{"start":{"line":22,"column":7},"end":{"line":69,"column":null}},"9":{"start":{"line":23,"column":31},"end":{"line":23,"column":48}},"10":{"start":{"line":31,"column":4},"end":{"line":31,"column":50}},"11":{"start":{"line":40,"column":4},"end":{"line":40,"column":47}},"12":{"start":{"line":49,"column":4},"end":{"line":49,"column":49}},"13":{"start":{"line":58,"column":4},"end":{"line":58,"column":55}},"14":{"start":{"line":67,"column":4},"end":{"line":67,"column":52}},"15":{"start":{"line":22,"column":13},"end":{"line":22,"column":31}},"16":{"start":{"line":30,"column":2},"end":{"line":32,"column":null}},"17":{"start":{"line":39,"column":2},"end":{"line":41,"column":null}},"18":{"start":{"line":48,"column":2},"end":{"line":50,"column":null}},"19":{"start":{"line":57,"column":2},"end":{"line":59,"column":null}},"20":{"start":{"line":66,"column":2},"end":{"line":68,"column":null}},"21":{"start":{"line":22,"column":13},"end":{"line":69,"column":null}}},"fnMap":{"0":{"name":"(anonymous_4)","decl":{"start":{"line":23,"column":2},"end":{"line":23,"column":31}},"loc":{"start":{"line":23,"column":63},"end":{"line":23,"column":67}}},"1":{"name":"(anonymous_5)","decl":{"start":{"line":30,"column":2},"end":{"line":30,"column":14}},"loc":{"start":{"line":30,"column":43},"end":{"line":32,"column":3}}},"2":{"name":"(anonymous_6)","decl":{"start":{"line":39,"column":2},"end":{"line":39,"column":14}},"loc":{"start":{"line":39,"column":14},"end":{"line":41,"column":3}}},"3":{"name":"(anonymous_7)","decl":{"start":{"line":48,"column":2},"end":{"line":48,"column":14}},"loc":{"start":{"line":48,"column":52},"end":{"line":50,"column":3}}},"4":{"name":"(anonymous_8)","decl":{"start":{"line":57,"column":2},"end":{"line":57,"column":15}},"loc":{"start":{"line":57,"column":84},"end":{"line":59,"column":3}}},"5":{"name":"(anonymous_9)","decl":{"start":{"line":66,"column":2},"end":{"line":66,"column":17}},"loc":{"start":{"line":66,"column":55},"end":{"line":68,"column":3}}}},"branchMap":{"0":{"loc":{"start":{"line":30,"column":28},"end":{"line":30,"column":null}},"type":"cond-expr","locations":[{"start":{"line":30,"column":43},"end":{"line":30,"column":null}},{"start":{"line":30,"column":43},"end":{"line":30,"column":null}}]},"1":{"loc":{"start":{"line":30,"column":28},"end":{"line":30,"column":43}},"type":"binary-expr","locations":[{"start":{"line":30,"column":28},"end":{"line":30,"column":null}},{"start":{"line":30,"column":28},"end":{"line":30,"column":43}}]},"2":{"loc":{"start":{"line":57,"column":68},"end":{"line":57,"column":null}},"type":"cond-expr","locations":[{"start":{"line":57,"column":84},"end":{"line":57,"column":null}},{"start":{"line":57,"column":84},"end":{"line":57,"column":null}}]},"3":{"loc":{"start":{"line":57,"column":68},"end":{"line":57,"column":84}},"type":"binary-expr","locations":[{"start":{"line":57,"column":68},"end":{"line":57,"column":null}},{"start":{"line":57,"column":68},"end":{"line":57,"column":84}}]},"4":{"loc":{"start":{"line":23,"column":48},"end":{"line":23,"column":66}},"type":"cond-expr","locations":[{"start":{"line":23,"column":63},"end":{"line":23,"column":66}},{"start":{"line":23,"column":63},"end":{"line":23,"column":66}}]},"5":{"loc":{"start":{"line":23,"column":48},"end":{"line":23,"column":63}},"type":"binary-expr","locations":[{"start":{"line":23,"column":48},"end":{"line":23,"column":66}},{"start":{"line":23,"column":48},"end":{"line":23,"column":63}}]}},"s":{"0":0,"1":0,"2":0,"3":0,"4":0,"5":0,"6":0,"7":0,"8":0,"9":0,"10":0,"11":0,"12":0,"13":0,"14":0,"15":0,"16":0,"17":0,"18":0,"19":0,"20":0,"21":0},"f":{"0":0,"1":0,"2":0,"3":0,"4":0,"5":0},"b":{"0":[0,0],"1":[0,0],"2":[0,0],"3":[0,0],"4":[0,0],"5":[0,0]}}
,"C:\\Users\\Crist\\Desktop\\ProyectoCedent\\cendent-backend\\src\\usuarios\\usuarios.module.ts": {"path":"C:\\Users\\Crist\\Desktop\\ProyectoCedent\\cendent-backend\\src\\usuarios\\usuarios.module.ts","statementMap":{"0":{"start":{"line":1,"column":0},"end":{"line":1,"column":40}},"1":{"start":{"line":2,"column":0},"end":{"line":2,"column":59}},"2":{"start":{"line":3,"column":0},"end":{"line":3,"column":53}},"3":{"start":{"line":10,"column":7},"end":{"line":10,"column":null}},"4":{"start":{"line":10,"column":13},"end":{"line":10,"column":27}},"5":{"start":{"line":10,"column":13},"end":{"line":10,"column":null}}},"fnMap":{},"branchMap":{},"s":{"0":0,"1":0,"2":0,"3":0,"4":0,"5":0},"f":{},"b":{}}
,"C:\\Users\\Crist\\Desktop\\ProyectoCedent\\cendent-backend\\src\\usuarios\\usuarios.service.ts": {"path":"C:\\Users\\Crist\\Desktop\\ProyectoCedent\\cendent-backend\\src\\usuarios\\usuarios.service.ts","statementMap":{"0":{"start":{"line":1,"column":0},"end":{"line":1,"column":82}},"1":{"start":{"line":2,"column":0},"end":{"line":2,"column":33}},"2":{"start":{"line":3,"column":0},"end":{"line":3,"column":57}},"3":{"start":{"line":7,"column":20},"end":{"line":7,"column":22}},"4":{"start":{"line":10,"column":7},"end":{"line":118,"column":null}},"5":{"start":{"line":11,"column":31},"end":{"line":11,"column":39}},"6":{"start":{"line":14,"column":19},"end":{"line":16,"column":6}},"7":{"start":{"line":17,"column":4},"end":{"line":19,"column":5}},"8":{"start":{"line":18,"column":6},"end":{"line":18,"column":79}},"9":{"start":{"line":21,"column":25},"end":{"line":21,"column":69}},"10":{"start":{"line":23,"column":43},"end":{"line":23,"column":46}},"11":{"start":{"line":24,"column":25},"end":{"line":26,"column":6}},"12":{"start":{"line":28,"column":49},"end":{"line":28,"column":61}},"13":{"start":{"line":29,"column":4},"end":{"line":29,"column":26}},"14":{"start":{"line":33,"column":4},"end":{"line":36,"column":7}},"15":{"start":{"line":40,"column":21},"end":{"line":48,"column":6}},"16":{"start":{"line":49,"column":4},"end":{"line":49,"column":20}},"17":{"start":{"line":53,"column":20},"end":{"line":55,"column":6}},"18":{"start":{"line":56,"column":4},"end":{"line":56,"column":84}},"19":{"start":{"line":56,"column":18},"end":{"line":56,"column":84}},"20":{"start":{"line":58,"column":42},"end":{"line":58,"column":44}},"21":{"start":{"line":59,"column":4},"end":{"line":59,"column":74}},"22":{"start":{"line":59,"column":39},"end":{"line":59,"column":74}},"23":{"start":{"line":60,"column":4},"end":{"line":60,"column":50}},"24":{"start":{"line":60,"column":31},"end":{"line":60,"column":50}},"25":{"start":{"line":61,"column":4},"end":{"line":61,"column":74}},"26":{"start":{"line":61,"column":39},"end":{"line":61,"column":74}},"27":{"start":{"line":62,"column":4},"end":{"line":64,"column":5}},"28":{"start":{"line":63,"column":6},"end":{"line":63,"column":72}},"29":{"start":{"line":66,"column":4},"end":{"line":76,"column":7}},"30":{"start":{"line":80,"column":20},"end":{"line":82,"column":6}},"31":{"start":{"line":83,"column":4},"end":{"line":83,"column":84}},"32":{"start":{"line":83,"column":18},"end":{"line":83,"column":84}},"33":{"start":{"line":85,"column":4},"end":{"line":99,"column":7}},"34":{"start":{"line":101,"column":4},"end":{"line":101,"column":57}},"35":{"start":{"line":105,"column":20},"end":{"line":114,"column":6}},"36":{"start":{"line":115,"column":4},"end":{"line":115,"column":91}},"37":{"start":{"line":115,"column":18},"end":{"line":115,"column":91}},"38":{"start":{"line":116,"column":4},"end":{"line":116,"column":19}},"39":{"start":{"line":10,"column":13},"end":{"line":10,"column":28}},"40":{"start":{"line":10,"column":13},"end":{"line":118,"column":null}}},"fnMap":{"0":{"name":"(anonymous_11)","decl":{"start":{"line":11,"column":2},"end":{"line":11,"column":31}},"loc":{"start":{"line":11,"column":52},"end":{"line":11,"column":56}}},"1":{"name":"(anonymous_12)","decl":{"start":{"line":13,"column":2},"end":{"line":13,"column":7}},"loc":{"start":{"line":13,"column":41},"end":{"line":30,"column":3}}},"2":{"name":"(anonymous_13)","decl":{"start":{"line":32,"column":2},"end":{"line":32,"column":7}},"loc":{"start":{"line":32,"column":46},"end":{"line":37,"column":3}}},"3":{"name":"(anonymous_14)","decl":{"start":{"line":39,"column":2},"end":{"line":39,"column":7}},"loc":{"start":{"line":39,"column":20},"end":{"line":50,"column":3}}},"4":{"name":"(anonymous_15)","decl":{"start":{"line":52,"column":2},"end":{"line":52,"column":7}},"loc":{"start":{"line":52,"column":62},"end":{"line":77,"column":3}}},"5":{"name":"(anonymous_16)","decl":{"start":{"line":79,"column":2},"end":{"line":79,"column":7}},"loc":{"start":{"line":79,"column":41},"end":{"line":102,"column":3}}},"6":{"name":"(anonymous_17)","decl":{"start":{"line":104,"column":2},"end":{"line":104,"column":7}},"loc":{"start":{"line":104,"column":38},"end":{"line":117,"column":3}}}},"branchMap":{"0":{"loc":{"start":{"line":17,"column":4},"end":{"line":19,"column":5}},"type":"if","locations":[{"start":{"line":17,"column":4},"end":{"line":19,"column":5}}]},"1":{"loc":{"start":{"line":56,"column":4},"end":{"line":56,"column":84}},"type":"if","locations":[{"start":{"line":56,"column":4},"end":{"line":56,"column":84}}]},"2":{"loc":{"start":{"line":59,"column":4},"end":{"line":59,"column":74}},"type":"if","locations":[{"start":{"line":59,"column":4},"end":{"line":59,"column":74}}]},"3":{"loc":{"start":{"line":60,"column":4},"end":{"line":60,"column":50}},"type":"if","locations":[{"start":{"line":60,"column":4},"end":{"line":60,"column":50}}]},"4":{"loc":{"start":{"line":61,"column":4},"end":{"line":61,"column":74}},"type":"if","locations":[{"start":{"line":61,"column":4},"end":{"line":61,"column":74}}]},"5":{"loc":{"start":{"line":62,"column":4},"end":{"line":64,"column":5}},"type":"if","locations":[{"start":{"line":62,"column":4},"end":{"line":64,"column":5}}]},"6":{"loc":{"start":{"line":83,"column":4},"end":{"line":83,"column":84}},"type":"if","locations":[{"start":{"line":83,"column":4},"end":{"line":83,"column":84}}]},"7":{"loc":{"start":{"line":115,"column":4},"end":{"line":115,"column":91}},"type":"if","locations":[{"start":{"line":115,"column":4},"end":{"line":115,"column":91}}]},"8":{"loc":{"start":{"line":11,"column":39},"end":{"line":11,"column":55}},"type":"cond-expr","locations":[{"start":{"line":11,"column":52},"end":{"line":11,"column":55}},{"start":{"line":11,"column":52},"end":{"line":11,"column":55}}]},"9":{"loc":{"start":{"line":11,"column":39},"end":{"line":11,"column":52}},"type":"binary-expr","locations":[{"start":{"line":11,"column":39},"end":{"line":11,"column":55}},{"start":{"line":11,"column":39},"end":{"line":11,"column":52}}]}},"s":{"0":0,"1":0,"2":0,"3":0,"4":0,"5":0,"6":0,"7":0,"8":0,"9":0,"10":0,"11":0,"12":0,"13":0,"14":0,"15":0,"16":0,"17":0,"18":0,"19":0,"20":0,"21":0,"22":0,"23":0,"24":0,"25":0,"26":0,"27":0,"28":0,"29":0,"30":0,"31":0,"32":0,"33":0,"34":0,"35":0,"36":0,"37":0,"38":0,"39":0,"40":0},"f":{"0":0,"1":0,"2":0,"3":0,"4":0,"5":0,"6":0},"b":{"0":[0],"1":[0],"2":[0],"3":[0],"4":[0],"5":[0],"6":[0],"7":[0],"8":[0,0],"9":[0,0]}}
,"C:\\Users\\Crist\\Desktop\\ProyectoCedent\\cendent-backend\\src\\usuarios\\dto\\crear-usuario.dto.ts": {"path":"C:\\Users\\Crist\\Desktop\\ProyectoCedent\\cendent-backend\\src\\usuarios\\dto\\crear-usuario.dto.ts","statementMap":{"0":{"start":{"line":1,"column":0},"end":{"line":1,"column":97}},"1":{"start":{"line":3,"column":0},"end":{"line":3,"column":13}},"2":{"start":{"line":6,"column":2},"end":{"line":6,"column":null}},"3":{"start":{"line":10,"column":2},"end":{"line":10,"column":null}},"4":{"start":{"line":14,"column":2},"end":{"line":14,"column":null}},"5":{"start":{"line":19,"column":2},"end":{"line":19,"column":null}}},"fnMap":{},"branchMap":{},"s":{"0":0,"1":0,"2":0,"3":0,"4":0,"5":0},"f":{},"b":{}}
,"C:\\Users\\Crist\\Desktop\\ProyectoCedent\\cendent-backend\\src\\usuarios\\dto\\editar-usuario.dto.ts": {"path":"C:\\Users\\Crist\\Desktop\\ProyectoCedent\\cendent-backend\\src\\usuarios\\dto\\editar-usuario.dto.ts","statementMap":{"0":{"start":{"line":1,"column":0},"end":{"line":1,"column":85}},"1":{"start":{"line":3,"column":0},"end":{"line":3,"column":13}},"2":{"start":{"line":6,"column":2},"end":{"line":6,"column":null}},"3":{"start":{"line":11,"column":2},"end":{"line":11,"column":null}},"4":{"start":{"line":15,"column":2},"end":{"line":15,"column":null}},"5":{"start":{"line":20,"column":2},"end":{"line":20,"column":null}}},"fnMap":{},"branchMap":{},"s":{"0":0,"1":0,"2":0,"3":0,"4":0,"5":0},"f":{},"b":{}}
}
