TN:
SF:src\app.controller.ts
FN:6,(anonymous_2)
FN:9,(anonymous_3)
FNF:2
FNH:0
FNDA:0,(anonymous_2)
FNDA:0,(anonymous_3)
DA:1,0
DA:2,0
DA:5,0
DA:6,0
DA:9,0
DA:10,0
LF:6
LH:0
BRDA:6,0,0,0
BRDA:6,0,1,0
BRDA:6,1,0,0
BRDA:6,1,1,0
BRF:4
BRH:0
end_of_record
TN:
SF:src\app.module.ts
FNF:0
FNH:0
DA:1,0
DA:2,0
DA:3,0
DA:4,0
DA:5,0
DA:6,0
DA:7,0
DA:8,0
DA:9,0
DA:10,0
DA:11,0
DA:12,0
DA:13,0
DA:14,0
DA:15,0
DA:35,0
LF:16
LH:0
BRF:0
BRH:0
end_of_record
TN:
SF:src\app.service.ts
FN:5,(anonymous_1)
FNF:1
FNH:0
FNDA:0,(anonymous_1)
DA:1,0
DA:4,0
DA:6,0
LF:3
LH:0
BRF:0
BRH:0
end_of_record
TN:
SF:src\main.ts
FN:12,bootstrap
FNF:1
FNH:0
FNDA:0,bootstrap
DA:1,0
DA:3,0
DA:4,0
DA:7,0
DA:8,0
DA:9,0
DA:10,0
DA:13,0
DA:14,0
DA:15,0
DA:17,0
DA:24,0
DA:25,0
DA:27,0
DA:29,0
LF:15
LH:0
BRDA:3,0,0,0
BRDA:27,1,0,0
BRDA:27,1,1,0
BRF:3
BRH:0
end_of_record
TN:
SF:src\analitica\analitica.controller.ts
FN:14,(anonymous_4)
FN:18,(anonymous_5)
FN:24,(anonymous_6)
FNF:3
FNH:3
FNDA:5,(anonymous_4)
FNDA:3,(anonymous_5)
FNDA:2,(anonymous_6)
DA:1,1
DA:2,1
DA:3,1
DA:4,1
DA:5,1
DA:6,1
DA:13,1
DA:14,5
DA:18,1
DA:19,3
DA:24,1
DA:25,2
LF:12
LH:12
BRDA:14,0,0,1
BRDA:14,0,1,0
BRDA:14,1,0,1
BRDA:14,1,1,1
BRF:4
BRH:3
end_of_record
TN:
SF:src\analitica\analitica.module.ts
FNF:0
FNH:0
DA:1,0
DA:2,0
DA:3,0
DA:4,0
DA:10,0
LF:5
LH:0
BRF:0
BRH:0
end_of_record
TN:
SF:src\analitica\analitica.scheduler.ts
FN:10,(anonymous_2)
FN:16,(anonymous_3)
FNF:2
FNH:2
FNDA:6,(anonymous_2)
FNDA:6,(anonymous_3)
DA:1,1
DA:2,1
DA:3,1
DA:4,1
DA:7,1
DA:8,6
DA:11,6
DA:12,6
DA:16,1
DA:17,6
DA:19,6
DA:24,6
DA:25,8
DA:26,8
DA:28,2
DA:32,6
LF:16
LH:16
BRDA:11,0,0,1
BRDA:11,0,1,0
BRDA:11,1,0,1
BRDA:11,1,1,1
BRDA:11,2,0,1
BRDA:11,2,1,0
BRDA:11,3,0,1
BRDA:11,3,1,1
BRF:8
BRH:6
end_of_record
TN:
SF:src\analitica\analitica.service.ts
FN:20,(anonymous_11)
FN:24,(anonymous_12)
FN:39,(anonymous_13)
FN:65,(anonymous_14)
FN:66,(anonymous_15)
FN:70,(anonymous_16)
FN:74,(anonymous_17)
FN:92,(anonymous_18)
FN:118,(anonymous_19)
FN:139,(anonymous_20)
FN:146,(anonymous_21)
FN:170,(anonymous_22)
FN:194,(anonymous_23)
FN:201,(anonymous_24)
FN:207,(anonymous_25)
FN:232,(anonymous_26)
FN:243,(anonymous_27)
FN:253,(anonymous_28)
FN:261,(anonymous_29)
FN:262,(anonymous_30)
FNF:20
FNH:18
FNDA:13,(anonymous_11)
FNDA:11,(anonymous_12)
FNDA:11,(anonymous_13)
FNDA:9,(anonymous_14)
FNDA:180,(anonymous_15)
FNDA:522,(anonymous_16)
FNDA:9,(anonymous_17)
FNDA:5,(anonymous_18)
FNDA:6,(anonymous_19)
FNDA:121,(anonymous_20)
FNDA:100,(anonymous_21)
FNDA:5,(anonymous_22)
FNDA:100,(anonymous_23)
FNDA:100,(anonymous_24)
FNDA:150,(anonymous_25)
FNDA:0,(anonymous_26)
FNDA:5,(anonymous_27)
FNDA:2,(anonymous_28)
FNDA:1,(anonymous_29)
FNDA:0,(anonymous_30)
DA:1,3
DA:2,3
DA:3,3
DA:11,3
DA:12,3
DA:13,3
DA:14,3
DA:17,3
DA:18,13
DA:20,13
DA:25,11
DA:40,11
DA:41,11
DA:43,11
DA:44,225
DA:46,225
DA:47,225
DA:48,225
DA:50,225
DA:51,12
DA:52,12
DA:58,225
DA:59,225
DA:62,11
DA:66,9
DA:67,180
DA:68,180
DA:69,180
DA:70,522
DA:75,9
DA:81,9
DA:83,9
DA:89,9
DA:93,5
DA:94,5
DA:96,5
DA:106,5
DA:107,5
DA:108,2
DA:109,2
DA:110,2
DA:113,5
DA:119,6
DA:121,6
DA:122,6
DA:124,6
DA:126,6
DA:128,7
DA:129,7
DA:130,6
DA:131,6
DA:132,6
DA:133,120
DA:134,120
DA:135,120
DA:138,7
DA:139,121
DA:141,7
DA:143,6
DA:144,6
DA:146,100
DA:147,5
DA:149,5
DA:151,5
DA:160,6
DA:162,6
DA:171,5
DA:173,5
DA:174,5
DA:176,5
DA:177,5
DA:179,5
DA:181,5
DA:183,5
DA:184,5
DA:185,5
DA:186,5
DA:187,5
DA:188,100
DA:189,100
DA:190,100
DA:193,5
DA:194,100
DA:196,5
DA:198,5
DA:199,5
DA:201,100
DA:202,5
DA:205,5
DA:206,5
DA:207,150
DA:210,5
DA:211,5
DA:214,5
DA:220,5
DA:222,5
DA:232,5
DA:234,5
DA:236,5
DA:244,5
DA:245,5
DA:250,5
DA:254,2
DA:257,2
DA:258,1
DA:261,1
DA:262,1
DA:263,0
DA:266,1
LF:109
LH:108
BRDA:44,0,0,0
BRDA:44,1,0,225
BRDA:44,1,1,225
BRDA:47,2,0,225
BRDA:47,2,1,0
BRDA:50,3,0,12
BRDA:54,4,0,12
BRDA:54,4,1,0
BRDA:59,5,0,225
BRDA:59,5,1,221
BRDA:108,6,0,0
BRDA:109,7,0,2
BRDA:109,7,1,2
BRDA:129,8,0,6
BRDA:134,9,0,0
BRDA:141,10,0,1
BRDA:144,11,0,1
BRDA:153,12,0,5
BRDA:153,12,1,0
BRDA:184,13,0,5
BRDA:189,14,0,0
BRDA:196,15,0,0
BRDA:199,16,0,0
BRDA:210,17,0,5
BRDA:210,17,1,3
BRDA:214,18,0,3
BRDA:214,18,1,2
BRDA:216,19,0,1
BRDA:216,19,1,1
BRDA:224,20,0,5
BRDA:224,20,1,0
BRDA:257,21,0,1
BRDA:20,22,0,3
BRDA:20,22,1,0
BRDA:20,23,0,3
BRDA:20,23,1,3
BRF:36
BRH:25
end_of_record
TN:
SF:src\analitica\dto\resultado-entrenamiento.dto.ts
FNF:0
FNH:0
DA:1,0
DA:9,0
DA:16,0
DA:25,0
LF:4
LH:0
BRF:0
BRH:0
end_of_record
TN:
SF:src\auth\auth.controller.ts
FN:9,(anonymous_4)
FN:13,(anonymous_5)
FNF:2
FNH:0
FNDA:0,(anonymous_4)
FNDA:0,(anonymous_5)
DA:1,0
DA:2,0
DA:3,0
DA:4,0
DA:8,0
DA:9,0
DA:13,0
DA:14,0
LF:8
LH:0
BRDA:13,0,0,0
BRDA:13,0,1,0
BRDA:13,1,0,0
BRDA:13,1,1,0
BRDA:9,2,0,0
BRDA:9,2,1,0
BRDA:9,3,0,0
BRDA:9,3,1,0
BRF:8
BRH:0
end_of_record
TN:
SF:src\auth\auth.module.ts
FNF:0
FNH:0
DA:1,0
DA:2,0
DA:3,0
DA:4,0
DA:5,0
DA:6,0
DA:7,0
DA:8,0
DA:23,0
LF:9
LH:0
BRDA:16,0,0,0
BRDA:16,0,1,0
BRF:2
BRH:0
end_of_record
TN:
SF:src\auth\auth.service.ts
FN:10,(anonymous_11)
FN:15,(anonymous_12)
FNF:2
FNH:0
FNDA:0,(anonymous_11)
FNDA:0,(anonymous_12)
DA:1,0
DA:2,0
DA:3,0
DA:4,0
DA:9,0
DA:11,0
DA:12,0
DA:16,0
DA:18,0
DA:19,0
DA:22,0
DA:23,0
DA:26,0
DA:27,0
DA:28,0
DA:31,0
DA:37,0
LF:17
LH:0
BRDA:18,0,0,0
BRDA:22,1,0,0
BRDA:27,2,0,0
BRDA:43,3,0,0
BRDA:43,3,1,0
BRDA:11,4,0,0
BRDA:11,4,1,0
BRDA:11,5,0,0
BRDA:11,5,1,0
BRDA:11,6,0,0
BRDA:11,6,1,0
BRDA:11,7,0,0
BRDA:11,7,1,0
BRF:13
BRH:0
end_of_record
TN:
SF:src\auth\jwt-auth.guard.ts
FNF:0
FNH:0
DA:1,0
DA:2,0
DA:5,0
LF:3
LH:0
BRF:0
BRH:0
end_of_record
TN:
SF:src\auth\jwt.strategy.ts
FN:9,(anonymous_2)
FN:17,(anonymous_3)
FNF:2
FNH:0
FNDA:0,(anonymous_2)
FNDA:0,(anonymous_3)
DA:1,0
DA:2,0
DA:3,0
DA:4,0
DA:8,0
DA:9,0
DA:10,0
DA:19,0
DA:20,0
DA:22,0
LF:10
LH:0
BRDA:20,0,0,0
BRDA:9,1,0,0
BRDA:9,1,1,0
BRDA:9,2,0,0
BRDA:9,2,1,0
BRF:5
BRH:0
end_of_record
TN:
SF:src\auth\decorators\roles.decorator.ts
FN:4,(anonymous_0)
FNF:1
FNH:1
FNDA:1,(anonymous_0)
DA:1,1
DA:3,1
DA:4,1
LF:3
LH:3
BRF:0
BRH:0
end_of_record
TN:
SF:src\auth\dto\login.dto.ts
FNF:0
FNH:0
DA:1,0
DA:3,0
DA:6,0
DA:10,0
LF:4
LH:0
BRF:0
BRH:0
end_of_record
TN:
SF:src\auth\guards\roles.guard.ts
FN:12,(anonymous_2)
FN:14,(anonymous_3)
FNF:2
FNH:0
FNDA:0,(anonymous_2)
FNDA:0,(anonymous_3)
DA:1,0
DA:7,0
DA:8,0
DA:11,0
DA:12,0
DA:15,0
DA:20,0
DA:22,0
DA:24,0
DA:25,0
DA:30,0
LF:11
LH:0
BRDA:20,0,0,0
BRDA:20,1,0,0
BRDA:20,1,1,0
BRDA:24,2,0,0
BRDA:24,3,0,0
BRDA:24,3,1,0
BRDA:12,4,0,0
BRDA:12,4,1,0
BRDA:12,5,0,0
BRDA:12,5,1,0
BRF:10
BRH:0
end_of_record
TN:
SF:src\common\codigo-lote.util.ts
FN:1,generarCodigoLote
FNF:1
FNH:0
FNDA:0,generarCodigoLote
DA:1,0
DA:5,0
DA:6,0
DA:7,0
LF:4
LH:0
BRDA:5,0,0,0
BRDA:5,0,1,0
BRF:2
BRH:0
end_of_record
TN:
SF:src\kits\kits.controller.ts
FN:25,(anonymous_4)
FN:30,(anonymous_5)
FN:37,(anonymous_6)
FN:43,(anonymous_7)
FN:49,(anonymous_8)
FN:55,(anonymous_9)
FN:61,(anonymous_10)
FNF:7
FNH:0
FNDA:0,(anonymous_4)
FNDA:0,(anonymous_5)
FNDA:0,(anonymous_6)
FNDA:0,(anonymous_7)
FNDA:0,(anonymous_8)
FNDA:0,(anonymous_9)
FNDA:0,(anonymous_10)
DA:1,0
DA:14,0
DA:15,0
DA:16,0
DA:17,0
DA:18,0
DA:24,0
DA:25,0
DA:30,0
DA:31,0
DA:32,0
DA:37,0
DA:38,0
DA:43,0
DA:44,0
DA:49,0
DA:50,0
DA:55,0
DA:56,0
DA:61,0
DA:62,0
LF:21
LH:0
BRDA:31,0,0,0
BRDA:49,1,0,0
BRDA:49,1,1,0
BRDA:49,2,0,0
BRDA:49,2,1,0
BRDA:55,3,0,0
BRDA:55,3,1,0
BRDA:55,4,0,0
BRDA:55,4,1,0
BRDA:25,5,0,0
BRDA:25,5,1,0
BRDA:25,6,0,0
BRDA:25,6,1,0
BRF:13
BRH:0
end_of_record
TN:
SF:src\kits\kits.module.ts
FNF:0
FNH:0
DA:1,0
DA:2,0
DA:3,0
DA:9,0
LF:4
LH:0
BRF:0
BRH:0
end_of_record
TN:
SF:src\kits\kits.service.ts
FN:8,(anonymous_2)
FN:10,(anonymous_3)
FN:20,(anonymous_4)
FN:32,(anonymous_5)
FN:45,(anonymous_6)
FN:54,(anonymous_7)
FN:60,(anonymous_8)
FN:75,(anonymous_9)
FN:78,(anonymous_10)
FN:89,(anonymous_11)
FN:112,(anonymous_12)
FNF:11
FNH:0
FNDA:0,(anonymous_2)
FNDA:0,(anonymous_3)
FNDA:0,(anonymous_4)
FNDA:0,(anonymous_5)
FNDA:0,(anonymous_6)
FNDA:0,(anonymous_7)
FNDA:0,(anonymous_8)
FNDA:0,(anonymous_9)
FNDA:0,(anonymous_10)
FNDA:0,(anonymous_11)
FNDA:0,(anonymous_12)
DA:1,0
DA:2,0
DA:7,0
DA:8,0
DA:11,0
DA:21,0
DA:33,0
DA:41,0
DA:42,0
DA:46,0
DA:47,0
DA:48,0
DA:54,0
DA:55,0
DA:59,0
DA:60,0
DA:68,0
DA:76,0
DA:78,0
DA:79,0
DA:80,0
DA:81,0
DA:82,0
DA:87,0
DA:88,0
DA:89,0
DA:98,0
DA:99,0
DA:105,0
DA:113,0
DA:114,0
LF:31
LH:0
BRDA:41,0,0,0
BRDA:47,1,0,0
BRDA:47,2,0,0
BRDA:47,2,1,0
BRDA:47,2,2,0
BRDA:62,3,0,0
BRDA:62,3,1,0
BRDA:64,4,0,0
BRDA:64,4,1,0
BRDA:79,5,0,0
BRDA:81,6,0,0
BRDA:81,7,0,0
BRDA:81,7,1,0
BRDA:81,7,2,0
BRDA:91,8,0,0
BRDA:91,8,1,0
BRDA:93,9,0,0
BRDA:93,9,1,0
BRDA:98,10,0,0
BRDA:8,11,0,0
BRDA:8,11,1,0
BRDA:8,12,0,0
BRDA:8,12,1,0
BRF:23
BRH:0
end_of_record
TN:
SF:src\kits\dto\actualizar-kit.dto.ts
FN:23,(anonymous_2)
FNF:1
FNH:0
FNDA:0,(anonymous_2)
DA:1,0
DA:2,0
DA:3,0
DA:10,0
DA:12,0
DA:17,0
DA:23,0
DA:24,0
LF:8
LH:0
BRF:0
BRH:0
end_of_record
TN:
SF:src\kits\dto\crear-kit.dto.ts
FN:47,(anonymous_2)
FNF:1
FNH:0
FNDA:0,(anonymous_2)
DA:1,0
DA:2,0
DA:3,0
DA:14,0
DA:23,0
DA:27,0
DA:35,0
DA:38,0
DA:42,0
DA:47,0
DA:48,0
LF:11
LH:0
BRF:0
BRH:0
end_of_record
TN:
SF:src\lotes\lotes.controller.ts
FN:25,(anonymous_4)
FN:29,(anonymous_5)
FN:35,(anonymous_6)
FN:43,(anonymous_7)
FN:51,(anonymous_8)
FNF:5
FNH:0
FNDA:0,(anonymous_4)
FNDA:0,(anonymous_5)
FNDA:0,(anonymous_6)
FNDA:0,(anonymous_7)
FNDA:0,(anonymous_8)
DA:1,0
DA:12,0
DA:13,0
DA:14,0
DA:15,0
DA:16,0
DA:17,0
DA:18,0
DA:24,0
DA:25,0
DA:29,0
DA:30,0
DA:35,0
DA:36,0
DA:43,0
DA:44,0
DA:51,0
DA:55,0
LF:18
LH:0
BRDA:29,0,0,0
BRDA:29,0,1,0
BRDA:29,1,0,0
BRDA:29,1,1,0
BRDA:53,2,0,0
BRDA:53,2,1,0
BRDA:53,3,0,0
BRDA:53,3,1,0
BRDA:25,4,0,0
BRDA:25,4,1,0
BRDA:25,5,0,0
BRDA:25,5,1,0
BRF:12
BRH:0
end_of_record
TN:
SF:src\lotes\lotes.module.ts
FNF:0
FNH:0
DA:1,0
DA:2,0
DA:3,0
DA:10,0
LF:4
LH:0
BRF:0
BRH:0
end_of_record
TN:
SF:src\lotes\lotes.service.ts
FN:9,(anonymous_2)
FN:11,(anonymous_3)
FN:35,(anonymous_4)
FN:42,(anonymous_5)
FN:59,(anonymous_6)
FNF:5
FNH:0
FNDA:0,(anonymous_2)
FNDA:0,(anonymous_3)
FNDA:0,(anonymous_4)
FNDA:0,(anonymous_5)
FNDA:0,(anonymous_6)
DA:1,0
DA:2,0
DA:3,0
DA:8,0
DA:9,0
DA:12,0
DA:17,0
DA:18,0
DA:21,0
DA:23,0
DA:36,0
DA:43,0
DA:44,0
DA:45,0
DA:46,0
DA:48,0
DA:49,0
DA:53,0
DA:60,0
DA:61,0
DA:63,0
LF:21
LH:0
BRDA:17,0,0,0
BRDA:30,1,0,0
BRDA:30,1,1,0
BRDA:44,2,0,0
BRDA:45,3,0,0
BRDA:48,4,0,0
BRDA:61,5,0,0
BRDA:66,6,0,0
BRDA:66,6,1,0
BRDA:67,7,0,0
BRDA:67,7,1,0
BRDA:68,8,0,0
BRDA:68,8,1,0
BRDA:9,9,0,0
BRDA:9,9,1,0
BRDA:9,10,0,0
BRDA:9,10,1,0
BRF:17
BRH:0
end_of_record
TN:
SF:src\lotes\dto\actualizar-lote.dto.ts
FNF:0
FNH:0
DA:1,0
DA:2,0
DA:4,0
DA:9,0
DA:15,0
DA:20,0
LF:6
LH:0
BRF:0
BRH:0
end_of_record
TN:
SF:src\lotes\dto\crear-lote.dto.ts
FN:14,(anonymous_2)
FN:20,(anonymous_3)
FN:31,(anonymous_4)
FNF:3
FNH:0
FNDA:0,(anonymous_2)
FNDA:0,(anonymous_3)
FNDA:0,(anonymous_4)
DA:1,0
DA:2,0
DA:3,0
DA:11,0
DA:14,0
DA:15,0
DA:20,0
DA:21,0
DA:25,0
DA:31,0
DA:32,0
LF:11
LH:0
BRF:0
BRH:0
end_of_record
TN:
SF:src\movimientos\movimientos.controller.ts
FN:21,(anonymous_4)
FN:27,(anonymous_5)
FN:38,(anonymous_6)
FN:49,(anonymous_7)
FNF:4
FNH:0
FNDA:0,(anonymous_4)
FNDA:0,(anonymous_5)
FNDA:0,(anonymous_6)
FNDA:0,(anonymous_7)
DA:1,0
DA:10,0
DA:11,0
DA:12,0
DA:13,0
DA:14,0
DA:20,0
DA:21,0
DA:27,0
DA:31,0
DA:32,0
DA:33,0
DA:38,0
DA:39,0
DA:49,0
DA:50,0
LF:16
LH:0
BRDA:31,0,0,0
BRDA:31,0,1,0
BRDA:32,1,0,0
BRDA:32,1,1,0
BRDA:43,2,0,0
BRDA:43,2,1,0
BRDA:38,3,0,0
BRDA:38,3,1,0
BRDA:38,4,0,0
BRDA:38,4,1,0
BRDA:49,5,0,0
BRDA:49,5,1,0
BRDA:49,6,0,0
BRDA:49,6,1,0
BRDA:21,7,0,0
BRDA:21,7,1,0
BRDA:21,8,0,0
BRDA:21,8,1,0
BRF:18
BRH:0
end_of_record
TN:
SF:src\movimientos\movimientos.module.ts
FNF:0
FNH:0
DA:1,0
DA:2,0
DA:3,0
DA:9,0
LF:4
LH:0
BRF:0
BRH:0
end_of_record
TN:
SF:src\movimientos\movimientos.service.ts
FN:12,(anonymous_2)
FN:14,(anonymous_3)
FN:32,(anonymous_4)
FN:38,(anonymous_5)
FN:48,(anonymous_6)
FN:49,(anonymous_7)
FN:69,(anonymous_8)
FN:76,(anonymous_9)
FN:96,(anonymous_10)
FN:134,(anonymous_11)
FN:140,(anonymous_12)
FN:152,(anonymous_13)
FNF:12
FNH:0
FNDA:0,(anonymous_2)
FNDA:0,(anonymous_3)
FNDA:0,(anonymous_4)
FNDA:0,(anonymous_5)
FNDA:0,(anonymous_6)
FNDA:0,(anonymous_7)
FNDA:0,(anonymous_8)
FNDA:0,(anonymous_9)
FNDA:0,(anonymous_10)
FNDA:0,(anonymous_11)
FNDA:0,(anonymous_12)
FNDA:0,(anonymous_13)
DA:1,0
DA:7,0
DA:11,0
DA:12,0
DA:15,0
DA:16,0
DA:17,0
DA:18,0
DA:20,0
DA:38,0
DA:39,0
DA:44,0
DA:45,0
DA:48,0
DA:49,0
DA:51,0
DA:52,0
DA:53,0
DA:56,0
DA:57,0
DA:58,0
DA:61,0
DA:62,0
DA:63,0
DA:69,0
DA:70,0
DA:76,0
DA:78,0
DA:79,0
DA:81,0
DA:82,0
DA:83,0
DA:87,0
DA:91,0
DA:96,0
DA:97,0
DA:98,0
DA:99,0
DA:104,0
DA:105,0
DA:106,0
DA:107,0
DA:108,0
DA:109,0
DA:110,0
DA:111,0
DA:112,0
DA:117,0
DA:118,0
DA:124,0
DA:126,0
DA:130,0
DA:140,0
DA:141,0
DA:145,0
DA:147,0
DA:152,0
DA:153,0
DA:154,0
DA:158,0
DA:159,0
DA:160,0
DA:162,0
DA:163,0
DA:164,0
DA:165,0
DA:166,0
DA:167,0
DA:168,0
DA:173,0
DA:174,0
DA:180,0
DA:183,0
LF:73
LH:0
BRDA:16,0,0,0
BRDA:17,1,0,0
BRDA:21,2,0,0
BRDA:21,2,1,0
BRDA:28,3,0,0
BRDA:28,3,1,0
BRDA:44,4,0,0
BRDA:52,5,0,0
BRDA:57,6,0,0
BRDA:62,7,0,0
BRDA:62,8,0,0
BRDA:62,8,1,0
BRDA:62,8,2,0
BRDA:70,9,0,0
BRDA:70,9,1,0
BRDA:76,10,0,0
BRDA:76,10,1,0
BRDA:83,11,0,0
BRDA:83,11,1,0
BRDA:87,12,0,0
BRDA:87,12,1,0
BRDA:88,13,0,0
BRDA:88,13,1,0
BRDA:89,14,0,0
BRDA:89,14,1,0
BRDA:97,15,0,0
BRDA:98,16,0,0
BRDA:98,16,1,0
BRDA:107,17,0,0
BRDA:117,18,0,0
BRDA:120,19,0,0
BRDA:120,19,1,0
BRDA:145,20,0,0
BRDA:153,21,0,0
BRDA:163,22,0,0
BRDA:173,23,0,0
BRDA:175,24,0,0
BRDA:175,24,1,0
BRDA:12,25,0,0
BRDA:12,25,1,0
BRDA:12,26,0,0
BRDA:12,26,1,0
BRF:42
BRH:0
end_of_record
TN:
SF:src\movimientos\dto\consumir-producto.dto.ts
FNF:0
FNH:0
DA:1,0
DA:2,0
DA:4,0
DA:8,0
DA:12,0
LF:5
LH:0
BRF:0
BRH:0
end_of_record
TN:
SF:src\movimientos\dto\despachar-kit.dto.ts
FN:36,(anonymous_2)
FNF:1
FNH:0
FNDA:0,(anonymous_2)
DA:1,0
DA:2,0
DA:3,0
DA:11,0
DA:15,0
DA:20,0
DA:23,0
DA:27,0
DA:36,0
DA:37,0
LF:10
LH:0
BRF:0
BRH:0
end_of_record
TN:
SF:src\notificaciones\notificaciones.controller.ts
FN:11,(anonymous_2)
FN:15,(anonymous_3)
FNF:2
FNH:0
FNDA:0,(anonymous_2)
FNDA:0,(anonymous_3)
DA:1,0
DA:2,0
DA:3,0
DA:4,0
DA:10,0
DA:11,0
DA:15,0
DA:16,0
LF:8
LH:0
BRDA:11,0,0,0
BRDA:11,0,1,0
BRDA:11,1,0,0
BRDA:11,1,1,0
BRF:4
BRH:0
end_of_record
TN:
SF:src\notificaciones\notificaciones.gateway.ts
FN:26,(anonymous_2)
FN:33,(anonymous_3)
FNF:2
FNH:0
FNDA:0,(anonymous_2)
FNDA:0,(anonymous_3)
DA:1,0
DA:2,0
DA:22,0
DA:24,0
DA:27,0
DA:34,0
LF:6
LH:0
BRDA:24,0,0,0
BRDA:24,0,1,0
BRDA:24,1,0,0
BRDA:24,1,1,0
BRF:4
BRH:0
end_of_record
TN:
SF:src\notificaciones\notificaciones.module.ts
FNF:0
FNH:0
DA:1,0
DA:2,0
DA:3,0
DA:4,0
DA:11,0
LF:5
LH:0
BRF:0
BRH:0
end_of_record
TN:
SF:src\notificaciones\notificaciones.service.ts
FN:16,(anonymous_2)
FN:22,(anonymous_3)
FN:51,(anonymous_4)
FN:67,(anonymous_5)
FN:83,(anonymous_6)
FN:99,(anonymous_7)
FNF:6
FNH:0
FNDA:0,(anonymous_2)
FNDA:0,(anonymous_3)
FNDA:0,(anonymous_4)
FNDA:0,(anonymous_5)
FNDA:0,(anonymous_6)
FNDA:0,(anonymous_7)
DA:1,0
DA:2,0
DA:3,0
DA:4,0
DA:10,0
DA:13,0
DA:14,0
DA:17,0
DA:18,0
DA:22,0
DA:23,0
DA:25,0
DA:26,0
DA:28,0
DA:29,0
DA:32,0
DA:37,0
DA:38,0
DA:39,0
DA:42,0
DA:43,0
DA:44,0
DA:47,0
DA:48,0
DA:55,0
DA:67,0
DA:68,0
DA:71,0
DA:85,0
DA:95,0
DA:97,0
DA:98,0
DA:99,0
DA:102,0
DA:104,0
DA:105,0
DA:114,0
LF:37
LH:0
BRDA:37,0,0,0
BRDA:42,1,0,0
BRDA:74,2,0,0
BRDA:74,2,1,0
BRDA:75,3,0,0
BRDA:75,3,1,0
BRDA:104,4,0,0
BRDA:17,5,0,0
BRDA:17,5,1,0
BRDA:17,6,0,0
BRDA:17,6,1,0
BRDA:17,7,0,0
BRDA:17,7,1,0
BRDA:17,8,0,0
BRDA:17,8,1,0
BRF:15
BRH:0
end_of_record
TN:
SF:src\prisma\prisma.module.ts
FNF:0
FNH:0
DA:1,0
DA:2,0
DA:9,0
LF:3
LH:0
BRF:0
BRH:0
end_of_record
TN:
SF:src\prisma\prisma.service.ts
FN:6,(anonymous_1)
FNF:1
FNH:0
FNDA:0,(anonymous_1)
DA:1,3
DA:2,3
DA:5,3
DA:7,0
LF:4
LH:3
BRF:0
BRH:0
end_of_record
TN:
SF:src\productos\productos.controller.ts
FN:28,(anonymous_4)
FN:33,(anonymous_5)
FN:41,(anonymous_6)
FN:48,(anonymous_7)
FN:54,(anonymous_8)
FN:62,(anonymous_9)
FN:70,(anonymous_10)
FN:81,(anonymous_11)
FNF:8
FNH:0
FNDA:0,(anonymous_4)
FNDA:0,(anonymous_5)
FNDA:0,(anonymous_6)
FNDA:0,(anonymous_7)
FNDA:0,(anonymous_8)
FNDA:0,(anonymous_9)
FNDA:0,(anonymous_10)
FNDA:0,(anonymous_11)
DA:1,0
DA:15,0
DA:16,0
DA:17,0
DA:18,0
DA:19,0
DA:20,0
DA:21,0
DA:27,0
DA:28,0
DA:33,0
DA:34,0
DA:35,0
DA:41,0
DA:42,0
DA:43,0
DA:48,0
DA:49,0
DA:54,0
DA:55,0
DA:62,0
DA:63,0
DA:70,0
DA:74,0
DA:81,0
DA:82,0
LF:26
LH:0
BRDA:34,0,0,0
BRDA:34,0,1,0
BRDA:42,1,0,0
BRDA:62,2,0,0
BRDA:62,2,1,0
BRDA:62,3,0,0
BRDA:62,3,1,0
BRDA:72,4,0,0
BRDA:72,4,1,0
BRDA:72,5,0,0
BRDA:72,5,1,0
BRDA:28,6,0,0
BRDA:28,6,1,0
BRDA:28,7,0,0
BRDA:28,7,1,0
BRF:15
BRH:0
end_of_record
TN:
SF:src\productos\productos.module.ts
FNF:0
FNH:0
DA:1,0
DA:2,0
DA:3,0
DA:9,0
LF:4
LH:0
BRF:0
BRH:0
end_of_record
TN:
SF:src\productos\productos.service.ts
FN:9,(anonymous_2)
FN:11,(anonymous_3)
FN:17,(anonymous_4)
FN:25,(anonymous_5)
FN:35,(anonymous_6)
FN:54,(anonymous_7)
FN:57,(anonymous_8)
FN:61,(anonymous_9)
FN:66,(anonymous_10)
FN:73,(anonymous_11)
FN:77,(anonymous_12)
FN:102,(anonymous_13)
FN:110,(anonymous_14)
FNF:13
FNH:0
FNDA:0,(anonymous_2)
FNDA:0,(anonymous_3)
FNDA:0,(anonymous_4)
FNDA:0,(anonymous_5)
FNDA:0,(anonymous_6)
FNDA:0,(anonymous_7)
FNDA:0,(anonymous_8)
FNDA:0,(anonymous_9)
FNDA:0,(anonymous_10)
FNDA:0,(anonymous_11)
FNDA:0,(anonymous_12)
FNDA:0,(anonymous_13)
FNDA:0,(anonymous_14)
DA:1,0
DA:2,0
DA:3,0
DA:8,0
DA:9,0
DA:12,0
DA:18,0
DA:26,0
DA:30,0
DA:31,0
DA:32,0
DA:36,0
DA:37,0
DA:38,0
DA:39,0
DA:41,0
DA:54,0
DA:57,0
DA:61,0
DA:66,0
DA:74,0
DA:75,0
DA:77,0
DA:78,0
DA:80,0
DA:81,0
DA:83,0
DA:95,0
DA:103,0
DA:104,0
DA:111,0
DA:113,0
DA:116,0
DA:117,0
DA:120,0
DA:123,0
DA:124,0
DA:127,0
DA:130,0
DA:131,0
DA:134,0
LF:41
LH:0
BRDA:30,0,0,0
BRDA:47,1,0,0
BRDA:47,1,1,0
BRDA:64,2,0,0
BRDA:64,2,1,0
BRDA:66,3,0,0
BRDA:66,3,1,0
BRDA:75,4,0,0
BRDA:75,4,1,0
BRDA:80,5,0,0
BRDA:90,6,0,0
BRDA:90,6,1,0
BRDA:116,7,0,0
BRDA:123,8,0,0
BRDA:130,9,0,0
BRDA:9,10,0,0
BRDA:9,10,1,0
BRDA:9,11,0,0
BRDA:9,11,1,0
BRF:19
BRH:0
end_of_record
TN:
SF:src\productos\dto\actualizar-producto.dto.ts
FN:24,(anonymous_2)
FNF:1
FNH:0
FNDA:0,(anonymous_2)
DA:1,0
DA:2,0
DA:4,0
DA:7,0
DA:11,0
DA:15,0
DA:19,0
DA:24,0
DA:25,0
LF:9
LH:0
BRF:0
BRH:0
end_of_record
TN:
SF:src\productos\dto\crear-producto.dto.ts
FN:37,(anonymous_2)
FN:46,(anonymous_3)
FN:58,(anonymous_4)
FNF:3
FNH:0
FNDA:0,(anonymous_2)
FNDA:0,(anonymous_3)
FNDA:0,(anonymous_4)
DA:1,0
DA:2,0
DA:3,0
DA:12,0
DA:16,0
DA:21,0
DA:26,0
DA:31,0
DA:37,0
DA:38,0
DA:46,0
DA:47,0
DA:52,0
DA:58,0
DA:59,0
LF:15
LH:0
BRF:0
BRH:0
end_of_record
TN:
SF:src\sucursales\sucursales.controller.ts
FN:27,(anonymous_4)
FN:34,(anonymous_5)
FN:41,(anonymous_6)
FN:48,(anonymous_7)
FN:54,(anonymous_8)
FN:62,(anonymous_9)
FN:70,(anonymous_10)
FNF:7
FNH:0
FNDA:0,(anonymous_4)
FNDA:0,(anonymous_5)
FNDA:0,(anonymous_6)
FNDA:0,(anonymous_7)
FNDA:0,(anonymous_8)
FNDA:0,(anonymous_9)
FNDA:0,(anonymous_10)
DA:1,0
DA:14,0
DA:15,0
DA:16,0
DA:17,0
DA:18,0
DA:19,0
DA:20,0
DA:26,0
DA:27,0
DA:34,0
DA:35,0
DA:41,0
DA:42,0
DA:43,0
DA:48,0
DA:49,0
DA:54,0
DA:55,0
DA:62,0
DA:63,0
DA:70,0
DA:71,0
LF:23
LH:0
BRDA:42,0,0,0
BRDA:34,1,0,0
BRDA:34,1,1,0
BRDA:34,2,0,0
BRDA:34,2,1,0
BRDA:62,3,0,0
BRDA:62,3,1,0
BRDA:62,4,0,0
BRDA:62,4,1,0
BRDA:27,5,0,0
BRDA:27,5,1,0
BRDA:27,6,0,0
BRDA:27,6,1,0
BRF:13
BRH:0
end_of_record
TN:
SF:src\sucursales\sucursales.module.ts
FNF:0
FNH:0
DA:1,0
DA:2,0
DA:3,0
DA:4,0
DA:11,0
LF:5
LH:0
BRF:0
BRH:0
end_of_record
TN:
SF:src\sucursales\sucursales.service.ts
FN:8,(anonymous_2)
FN:10,(anonymous_3)
FN:16,(anonymous_4)
FN:25,(anonymous_5)
FN:32,(anonymous_6)
FN:42,(anonymous_7)
FN:51,(anonymous_8)
FNF:7
FNH:0
FNDA:0,(anonymous_2)
FNDA:0,(anonymous_3)
FNDA:0,(anonymous_4)
FNDA:0,(anonymous_5)
FNDA:0,(anonymous_6)
FNDA:0,(anonymous_7)
FNDA:0,(anonymous_8)
DA:1,0
DA:2,0
DA:7,0
DA:8,0
DA:11,0
DA:17,0
DA:20,0
DA:21,0
DA:22,0
DA:26,0
DA:33,0
DA:43,0
DA:44,0
DA:45,0
DA:46,0
DA:47,0
DA:48,0
DA:52,0
DA:53,0
DA:54,0
DA:58,0
LF:21
LH:0
BRDA:20,0,0,0
BRDA:36,1,0,0
BRDA:36,1,1,0
BRDA:37,2,0,0
BRDA:37,2,1,0
BRDA:44,3,0,0
BRDA:46,4,0,0
BRDA:47,5,0,0
BRDA:47,6,0,0
BRDA:47,6,1,0
BRDA:53,7,0,0
BRDA:8,8,0,0
BRDA:8,8,1,0
BRDA:8,9,0,0
BRDA:8,9,1,0
BRF:15
BRH:0
end_of_record
TN:
SF:src\sucursales\dto\crear-sucursal.dto.ts
FNF:0
FNH:0
DA:1,0
DA:3,0
DA:7,0
DA:12,0
DA:16,0
LF:5
LH:0
BRF:0
BRH:0
end_of_record
TN:
SF:src\sucursales\dto\editar-sucursal.dto.ts
FNF:0
FNH:0
DA:1,0
DA:3,0
DA:7,0
DA:12,0
LF:4
LH:0
BRF:0
BRH:0
end_of_record
TN:
SF:src\transferencias\transferencias.controller.ts
FN:26,(anonymous_4)
FN:30,(anonymous_5)
FN:36,(anonymous_6)
FN:42,(anonymous_7)
FN:52,(anonymous_8)
FN:58,(anonymous_9)
FNF:6
FNH:0
FNDA:0,(anonymous_4)
FNDA:0,(anonymous_5)
FNDA:0,(anonymous_6)
FNDA:0,(anonymous_7)
FNDA:0,(anonymous_8)
FNDA:0,(anonymous_9)
DA:1,0
DA:12,0
DA:13,0
DA:14,0
DA:15,0
DA:16,0
DA:17,0
DA:18,0
DA:25,0
DA:26,0
DA:30,0
DA:31,0
DA:36,0
DA:37,0
DA:42,0
DA:43,0
DA:52,0
DA:53,0
DA:58,0
DA:59,0
LF:20
LH:0
BRDA:42,0,0,0
BRDA:42,0,1,0
BRDA:42,1,0,0
BRDA:42,1,1,0
BRDA:58,2,0,0
BRDA:58,2,1,0
BRDA:58,3,0,0
BRDA:58,3,1,0
BRDA:26,4,0,0
BRDA:26,4,1,0
BRDA:26,5,0,0
BRDA:26,5,1,0
BRF:12
BRH:0
end_of_record
TN:
SF:src\transferencias\transferencias.module.ts
FNF:0
FNH:0
DA:1,0
DA:2,0
DA:3,0
DA:9,0
LF:4
LH:0
BRF:0
BRH:0
end_of_record
TN:
SF:src\transferencias\transferencias.service.ts
FN:11,generarCodigoTrz
FN:20,(anonymous_3)
FN:22,(anonymous_4)
FN:41,(anonymous_5)
FN:57,(anonymous_6)
FN:62,(anonymous_7)
FN:113,(anonymous_8)
FN:185,(anonymous_9)
FN:197,(anonymous_10)
FN:212,(anonymous_11)
FN:213,(anonymous_12)
FNF:11
FNH:0
FNDA:0,generarCodigoTrz
FNDA:0,(anonymous_3)
FNDA:0,(anonymous_4)
FNDA:0,(anonymous_5)
FNDA:0,(anonymous_6)
FNDA:0,(anonymous_7)
FNDA:0,(anonymous_8)
FNDA:0,(anonymous_9)
FNDA:0,(anonymous_10)
FNDA:0,(anonymous_11)
FNDA:0,(anonymous_12)
DA:1,0
DA:7,0
DA:11,0
DA:12,0
DA:13,0
DA:14,0
DA:15,0
DA:19,0
DA:20,0
DA:23,0
DA:42,0
DA:52,0
DA:53,0
DA:54,0
DA:62,0
DA:64,0
DA:70,0
DA:71,0
DA:76,0
DA:78,0
DA:79,0
DA:87,0
DA:89,0
DA:91,0
DA:95,0
DA:96,0
DA:102,0
DA:112,0
DA:113,0
DA:117,0
DA:118,0
DA:125,0
DA:126,0
DA:128,0
DA:129,0
DA:130,0
DA:132,0
DA:137,0
DA:138,0
DA:141,0
DA:148,0
DA:159,0
DA:160,0
DA:161,0
DA:169,0
DA:181,0
DA:186,0
DA:190,0
DA:191,0
DA:192,0
DA:193,0
DA:197,0
DA:198,0
DA:199,0
DA:200,0
DA:205,0
DA:213,0
DA:215,0
DA:222,0
DA:223,0
DA:228,0
DA:229,0
DA:235,0
DA:245,0
DA:247,0
DA:248,0
DA:249,0
DA:251,0
DA:254,0
DA:264,0
DA:266,0
DA:272,0
DA:284,0
DA:294,0
DA:297,0
LF:75
LH:0
BRDA:52,0,0,0
BRDA:70,1,0,0
BRDA:78,2,0,0
BRDA:95,3,0,0
BRDA:117,4,0,0
BRDA:129,5,0,0
BRDA:190,6,0,0
BRDA:192,7,0,0
BRDA:199,8,0,0
BRDA:222,9,0,0
BRDA:228,10,0,0
BRDA:249,11,0,0
BRDA:264,12,0,0
BRDA:264,12,1,0
BRDA:278,13,0,0
BRDA:278,13,1,0
BRDA:20,14,0,0
BRDA:20,14,1,0
BRDA:20,15,0,0
BRDA:20,15,1,0
BRF:20
BRH:0
end_of_record
TN:
SF:src\transferencias\dto\enviar-transferencia.dto.ts
FN:33,(anonymous_2)
FNF:1
FNH:0
FNDA:0,(anonymous_2)
DA:1,0
DA:2,0
DA:3,0
DA:12,0
DA:16,0
DA:21,0
DA:24,0
DA:28,0
DA:33,0
DA:34,0
LF:10
LH:0
BRF:0
BRH:0
end_of_record
TN:
SF:src\transferencias\dto\recibir-transferencia.dto.ts
FNF:0
FNH:0
DA:1,0
DA:2,0
DA:4,0
DA:13,0
LF:4
LH:0
BRF:0
BRH:0
end_of_record
TN:
SF:src\usuarios\usuarios.controller.ts
FN:23,(anonymous_4)
FN:30,(anonymous_5)
FN:39,(anonymous_6)
FN:48,(anonymous_7)
FN:57,(anonymous_8)
FN:66,(anonymous_9)
FNF:6
FNH:0
FNDA:0,(anonymous_4)
FNDA:0,(anonymous_5)
FNDA:0,(anonymous_6)
FNDA:0,(anonymous_7)
FNDA:0,(anonymous_8)
FNDA:0,(anonymous_9)
DA:1,0
DA:12,0
DA:13,0
DA:14,0
DA:15,0
DA:16,0
DA:17,0
DA:18,0
DA:22,0
DA:23,0
DA:30,0
DA:31,0
DA:39,0
DA:40,0
DA:48,0
DA:49,0
DA:57,0
DA:58,0
DA:66,0
DA:67,0
LF:20
LH:0
BRDA:30,0,0,0
BRDA:30,0,1,0
BRDA:30,1,0,0
BRDA:30,1,1,0
BRDA:57,2,0,0
BRDA:57,2,1,0
BRDA:57,3,0,0
BRDA:57,3,1,0
BRDA:23,4,0,0
BRDA:23,4,1,0
BRDA:23,5,0,0
BRDA:23,5,1,0
BRF:12
BRH:0
end_of_record
TN:
SF:src\usuarios\usuarios.module.ts
FNF:0
FNH:0
DA:1,0
DA:2,0
DA:3,0
DA:10,0
LF:4
LH:0
BRF:0
BRH:0
end_of_record
TN:
SF:src\usuarios\usuarios.service.ts
FN:11,(anonymous_11)
FN:13,(anonymous_12)
FN:32,(anonymous_13)
FN:39,(anonymous_14)
FN:52,(anonymous_15)
FN:79,(anonymous_16)
FN:104,(anonymous_17)
FNF:7
FNH:0
FNDA:0,(anonymous_11)
FNDA:0,(anonymous_12)
FNDA:0,(anonymous_13)
FNDA:0,(anonymous_14)
FNDA:0,(anonymous_15)
FNDA:0,(anonymous_16)
FNDA:0,(anonymous_17)
DA:1,0
DA:2,0
DA:3,0
DA:7,0
DA:10,0
DA:11,0
DA:14,0
DA:17,0
DA:18,0
DA:21,0
DA:23,0
DA:24,0
DA:28,0
DA:29,0
DA:33,0
DA:40,0
DA:49,0
DA:53,0
DA:56,0
DA:58,0
DA:59,0
DA:60,0
DA:61,0
DA:62,0
DA:63,0
DA:66,0
DA:80,0
DA:83,0
DA:85,0
DA:101,0
DA:105,0
DA:115,0
DA:116,0
LF:33
LH:0
BRDA:17,0,0,0
BRDA:56,1,0,0
BRDA:59,2,0,0
BRDA:60,3,0,0
BRDA:61,4,0,0
BRDA:62,5,0,0
BRDA:83,6,0,0
BRDA:115,7,0,0
BRDA:11,8,0,0
BRDA:11,8,1,0
BRDA:11,9,0,0
BRDA:11,9,1,0
BRF:12
BRH:0
end_of_record
TN:
SF:src\usuarios\dto\crear-usuario.dto.ts
FNF:0
FNH:0
DA:1,0
DA:3,0
DA:6,0
DA:10,0
DA:14,0
DA:19,0
LF:6
LH:0
BRF:0
BRH:0
end_of_record
TN:
SF:src\usuarios\dto\editar-usuario.dto.ts
FNF:0
FNH:0
DA:1,0
DA:3,0
DA:6,0
DA:11,0
DA:15,0
DA:20,0
LF:6
LH:0
BRF:0
BRH:0
end_of_record
